<testsuites id="" name="" tests="3" failures="2" skipped="0" errors="0" time="371.256605">
<testsuite name="accessibility.spec.ts" timestamp="2025-11-15T00:42:07.334Z" hostname="chromium" tests="3" failures="2" skipped="0" time="865.247" errors="0">
<testcase name="Accessibility - comprehensive a11y checks › comprehensive scan dashboard" classname="accessibility.spec.ts" time="171.913">
<system-out>
<![CDATA[VaultGate detected, bypassing...
VaultGate bypassed successfully

=== Starting accessibility scan for dashboard ===
Body loaded (2273ms)
Dismissing all blocking modals and notification prompts...
Modal dismissal complete
Dashboard ready via: text=Pain Tracker Pro
Route action complete (18700ms)
Starting color analysis (24721ms)
Color analysis complete (25532ms)
Starting focus testing (25535ms)
Focus testing complete (26305ms)
Starting Axe scan (26305ms)
Axe scan complete (77260ms)
Generated accessibility report: accessibility-report-dashboard-2025-11-15T00-44-07-281Z.html
Total scan time: 77635ms
]]>
</system-out>
<system-err>
<![CDATA[Selector [data-walkthrough="pain-entry-form"] not found for route dashboard
Accessibility violations for dashboard: [ { id: [32m'color-contrast'[39m, impact: [32m'serious'[39m, nodes: [33m1[39m } ]
⚠️  1 critical/serious accessibility violations found in dashboard
Review the generated HTML report for details
]]>
</system-err>
</testcase>
<testcase name="Accessibility - comprehensive a11y checks › comprehensive scan analytics" classname="accessibility.spec.ts" time="348.826">
<failure message="accessibility.spec.ts:472:5 comprehensive scan analytics" type="FAILURE">
<![CDATA[  [chromium] › accessibility.spec.ts:472:5 › Accessibility - comprehensive a11y checks › comprehensive scan analytics 

    Test timeout of 300000ms exceeded.

    Error: Unable to navigate to view analytics

      214 |   }
      215 |
    > 216 |   throw new Error(`Unable to navigate to view ${debugName ?? navTarget ?? 'unknown'}`);
          |         ^
      217 | }
      218 |
      219 | // List of routes/views to scan — adjust to match actual app navigation
        at navigateToView (C:\Users\kay\Documents\Projects\pain-tracker\e2e\accessibility.spec.ts:216:9)
        at Object.action (C:\Users\kay\Documents\Projects\pain-tracker\e2e\accessibility.spec.ts:256:7)
        at C:\Users\kay\Documents\Projects\pain-tracker\e2e\accessibility.spec.ts:485:9

    attachment #1: video (video/webm) ──────────────────────────────────────────────────────────────
    ..\test-results\accessibility-Accessibilit-ac762-omprehensive-scan-analytics-chromium\video.webm
    ────────────────────────────────────────────────────────────────────────────────────────────────

    Error Context: ..\test-results\accessibility-Accessibilit-ac762-omprehensive-scan-analytics-chromium\error-context.md
]]>
</failure>
<system-out>
<![CDATA[VaultGate detected, bypassing...
VaultGate bypassed successfully

=== Starting accessibility scan for analytics ===
Body loaded (877ms)
Dismissing all blocking modals and notification prompts...
Modal dismissal complete
Attempting to navigate to analytics...
Trying selectors for analytics: [
  [32m'[data-nav-target="analytics"]'[39m,
  [32m'button:has-text("Analytics")'[39m,
  [32m'button:has-text("Analytics Pro")'[39m,
  [32m'button:has-text("Analytics")'[39m,
  [32m'button:has-text("Premium Analytics")'[39m,
  [32m'[data-nav-target="analytics"]'[39m
]
  Trying selector: [data-nav-target="analytics"]
    Count: 1
    Visible: true
    Error: locator.click: Test timeout of 300000ms exceeded.
Call log:
[2m  - waiting for locator('[data-nav-target="analytics"]').first()[22m
[2m    - locator resolved to <button data-nav-target="analytics" class="group flex w-full items-center justify-between rounded-xl px-4 py-3 text-sm font-medium transition-all duration-200 text-gray-700 dark:text-gray-300 hover:bg-gray-100 dark:hover:bg-gray-800">…</button>[22m
[2m  - attempting click action[22m
[2m    2 × waiting for element to be visible, enabled and stable[22m
[2m      - element is visible, enabled and stable[22m
[2m      - scrolling into view if needed[22m
[2m      - done scrolling[22m
[2m      - <p class="text-sm text-muted-foreground mt-1">We can notify you about important pain pattern al…</p> from <div class="fixed bottom-4 left-4 z-[10000] flex flex-col space-y-2 pointer-events-none max-w-[90%]">…</div> subtree intercepts pointer events[22m
[2m    - retrying click action[22m
[2m    - waiting 20ms[22m
[2m    2 × waiting for element to be visible, enabled and stable[22m
[2m      - element is visible, enabled and stable[22m
[2m      - scrolling into view if needed[22m
[2m      - done scrolling[22m
[2m      - <p class="text-sm text-muted-foreground mt-1">We can notify you about important pain pattern al…</p> from <div class="fixed bottom-4 left-4 z-[10000] flex flex-col space-y-2 pointer-events-none max-w-[90%]">…</div> subtree intercepts pointer events[22m
[2m    - retrying click action[22m
[2m      - waiting 100ms[22m
[2m    47 × waiting for element to be visible, enabled and stable[22m
[2m       - element is visible, enabled and stable[22m
[2m       - scrolling into view if needed[22m
[2m       - done scrolling[22m
[2m       - <p class="text-sm text-muted-foreground mt-1">We can notify you about important pain pattern al…</p> from <div class="fixed bottom-4 left-4 z-[10000] flex flex-col space-y-2 pointer-events-none max-w-[90%]">…</div> subtree intercepts pointer events[22m
[2m     - retrying click action[22m
[2m       - waiting 500ms[22m
[2m    - waiting for element to be visible, enabled and stable[22m

  Trying selector: button:has-text("Analytics")
    Error: locator.count: Target page, context or browser has been closed
  Trying selector: button:has-text("Analytics Pro")
    Error: locator.count: Target page, context or browser has been closed
  Trying selector: button:has-text("Analytics")
    Error: locator.count: Target page, context or browser has been closed
  Trying selector: button:has-text("Premium Analytics")
    Error: locator.count: Target page, context or browser has been closed
  Trying selector: [data-nav-target="analytics"]
    Error: locator.count: Target page, context or browser has been closed

[[ATTACHMENT|..\..\test-results\accessibility-Accessibilit-ac762-omprehensive-scan-analytics-chromium\video.webm]]

[[ATTACHMENT|..\..\test-results\accessibility-Accessibilit-ac762-omprehensive-scan-analytics-chromium\error-context.md]]
]]>
</system-out>
</testcase>
<testcase name="Accessibility - comprehensive a11y checks › comprehensive scan calendar" classname="accessibility.spec.ts" time="344.508">
<failure message="accessibility.spec.ts:472:5 comprehensive scan calendar" type="FAILURE">
<![CDATA[  [chromium] › accessibility.spec.ts:472:5 › Accessibility - comprehensive a11y checks › comprehensive scan calendar 

    Test timeout of 300000ms exceeded.

    Error: Unable to navigate to view calendar

      214 |   }
      215 |
    > 216 |   throw new Error(`Unable to navigate to view ${debugName ?? navTarget ?? 'unknown'}`);
          |         ^
      217 | }
      218 |
      219 | // List of routes/views to scan — adjust to match actual app navigation
        at navigateToView (C:\Users\kay\Documents\Projects\pain-tracker\e2e\accessibility.spec.ts:216:9)
        at Object.action (C:\Users\kay\Documents\Projects\pain-tracker\e2e\accessibility.spec.ts:287:7)
        at C:\Users\kay\Documents\Projects\pain-tracker\e2e\accessibility.spec.ts:485:9

    attachment #1: video (video/webm) ──────────────────────────────────────────────────────────────
    ..\test-results\accessibility-Accessibilit-506fa-comprehensive-scan-calendar-chromium\video.webm
    ────────────────────────────────────────────────────────────────────────────────────────────────

    Error Context: ..\test-results\accessibility-Accessibilit-506fa-comprehensive-scan-calendar-chromium\error-context.md
]]>
</failure>
<system-out>
<![CDATA[VaultGate detected, bypassing...
VaultGate bypassed successfully

=== Starting accessibility scan for calendar ===
Body loaded (2250ms)
Dismissing all blocking modals and notification prompts...
Modal dismissal complete
Attempting to navigate to calendar/history...
Trying selectors for calendar: [
  [32m'[data-nav-target="history"]'[39m,
  [32m'button:has-text("History")'[39m,
  [32m'button:has-text("Calendar")'[39m,
  [32m'button:has-text("History")'[39m,
  [32m'button:has-text("Pain History")'[39m,
  [32m'[data-nav-target="history"]'[39m,
  [32m'[data-nav-target="calendar"]'[39m
]
  Trying selector: [data-nav-target="history"]
    Count: 0
  Trying selector: button:has-text("History")
    Count: 0
  Trying selector: button:has-text("Calendar")
    Count: 1
    Visible: true
    Error: locator.click: Test timeout of 300000ms exceeded.
Call log:
[2m  - waiting for locator('button:has-text("Calendar")').first()[22m
[2m    - locator resolved to <button data-nav-target="calendar" class="group flex w-full items-center justify-between rounded-xl px-4 py-3 text-sm font-medium transition-all duration-200 text-gray-700 dark:text-gray-300 hover:bg-gray-100 dark:hover:bg-gray-800">…</button>[22m
[2m  - attempting click action[22m
[2m    2 × waiting for element to be visible, enabled and stable[22m
[2m      - element is visible, enabled and stable[22m
[2m      - scrolling into view if needed[22m
[2m      - done scrolling[22m
[2m      - <p class="text-sm text-muted-foreground mt-1">We can notify you about important pain pattern al…</p> from <div class="fixed bottom-4 left-4 z-[10000] flex flex-col space-y-2 pointer-events-none max-w-[90%]">…</div> subtree intercepts pointer events[22m
[2m    - retrying click action[22m
[2m    - waiting 20ms[22m
[2m    2 × waiting for element to be visible, enabled and stable[22m
[2m      - element is visible, enabled and stable[22m
[2m      - scrolling into view if needed[22m
[2m      - done scrolling[22m
[2m      - <p class="text-sm text-muted-foreground mt-1">We can notify you about important pain pattern al…</p> from <div class="fixed bottom-4 left-4 z-[10000] flex flex-col space-y-2 pointer-events-none max-w-[90%]">…</div> subtree intercepts pointer events[22m
[2m    - retrying click action[22m
[2m      - waiting 100ms[22m
[2m    48 × waiting for element to be visible, enabled and stable[22m
[2m       - element is visible, enabled and stable[22m
[2m       - scrolling into view if needed[22m
[2m       - done scrolling[22m
[2m       - <p class="text-sm text-muted-foreground mt-1">We can notify you about important pain pattern al…</p> from <div class="fixed bottom-4 left-4 z-[10000] flex flex-col space-y-2 pointer-events-none max-w-[90%]">…</div> subtree intercepts pointer events[22m
[2m     - retrying click action[22m
[2m       - waiting 500ms[22m

  Trying selector: button:has-text("History")
    Error: locator.count: Target page, context or browser has been closed
  Trying selector: button:has-text("Pain History")
    Error: locator.count: Target page, context or browser has been closed
  Trying selector: [data-nav-target="history"]
    Error: locator.count: Target page, context or browser has been closed
  Trying selector: [data-nav-target="calendar"]
    Error: locator.count: Target page, context or browser has been closed

[[ATTACHMENT|..\..\test-results\accessibility-Accessibilit-506fa-comprehensive-scan-calendar-chromium\video.webm]]

[[ATTACHMENT|..\..\test-results\accessibility-Accessibilit-506fa-comprehensive-scan-calendar-chromium\error-context.md]]
]]>
</system-out>
</testcase>
</testsuite>
</testsuites>