<testsuites id="" name="" tests="7" failures="4" skipped="0" errors="0" time="33.12231499999999">
<testsuite name="tests\pwa-service-worker.spec.ts" timestamp="2025-11-17T21:27:00.727Z" hostname="chromium" tests="7" failures="4" skipped="0" time="84.505" errors="0">
<testcase name="PWA Service Worker › should register service worker successfully" classname="tests\pwa-service-worker.spec.ts" time="19.831">
<failure message="pwa-service-worker.spec.ts:10:3 should register service worker successfully" type="FAILURE">
<![CDATA[  [chromium] › tests\pwa-service-worker.spec.ts:10:3 › PWA Service Worker › should register service worker successfully 

    Error: expect(received).toContain(expected) // indexOf

    Expected substring: "/pain-tracker/"
    Received string:    "http://localhost:3000/"

      30 |     expect(swRegistration.active).toBe(true);
      31 |     expect(swRegistration.state).toBe('activated');
    > 32 |     expect(swRegistration.scope).toContain('/pain-tracker/');
         |                                  ^
      33 |   });
      34 |
      35 |   test('should cache static assets on install', async ({ page }) => {
        at C:\Users\kay\Documents\Projects\pain-tracker\e2e\tests\pwa-service-worker.spec.ts:32:34

    attachment #1: screenshot (image/png) ──────────────────────────────────────────────────────────
    ..\test-results\tests-pwa-service-worker-P-01eb4-service-worker-successfully-chromium\test-failed-1.png
    ────────────────────────────────────────────────────────────────────────────────────────────────

    attachment #2: video (video/webm) ──────────────────────────────────────────────────────────────
    ..\test-results\tests-pwa-service-worker-P-01eb4-service-worker-successfully-chromium\video.webm
    ────────────────────────────────────────────────────────────────────────────────────────────────

    Error Context: ..\test-results\tests-pwa-service-worker-P-01eb4-service-worker-successfully-chromium\error-context.md
]]>
</failure>
<system-out>
<![CDATA[
[[ATTACHMENT|..\..\test-results\tests-pwa-service-worker-P-01eb4-service-worker-successfully-chromium\test-failed-1.png]]

[[ATTACHMENT|..\..\test-results\tests-pwa-service-worker-P-01eb4-service-worker-successfully-chromium\video.webm]]

[[ATTACHMENT|..\..\test-results\tests-pwa-service-worker-P-01eb4-service-worker-successfully-chromium\error-context.md]]
]]>
</system-out>
</testcase>
<testcase name="PWA Service Worker › should cache static assets on install" classname="tests\pwa-service-worker.spec.ts" time="19.765">
</testcase>
<testcase name="PWA Service Worker › should update service worker version" classname="tests\pwa-service-worker.spec.ts" time="19.906">
</testcase>
<testcase name="PWA Service Worker › should handle service worker errors gracefully" classname="tests\pwa-service-worker.spec.ts" time="19.961">
</testcase>
<testcase name="PWA Service Worker › should clean up old caches on activation" classname="tests\pwa-service-worker.spec.ts" time="3.426">
<failure message="pwa-service-worker.spec.ts:108:3 should clean up old caches on activation" type="FAILURE">
<![CDATA[  [chromium] › tests\pwa-service-worker.spec.ts:108:3 › PWA Service Worker › should clean up old caches on activation 

    Error: expect(received).toBe(expected) // Object.is equality

    Expected: false
    Received: true

      119 |
      120 |     // Should only have current version caches, no old ones
    > 121 |     expect(cacheInfo.hasOldCaches).toBe(false);
          |                                    ^
      122 |   });
      123 | });
      124 |
        at C:\Users\kay\Documents\Projects\pain-tracker\e2e\tests\pwa-service-worker.spec.ts:121:36

    attachment #1: screenshot (image/png) ──────────────────────────────────────────────────────────
    ..\test-results\tests-pwa-service-worker-P-f49b4-up-old-caches-on-activation-chromium\test-failed-1.png
    ────────────────────────────────────────────────────────────────────────────────────────────────

    attachment #2: video (video/webm) ──────────────────────────────────────────────────────────────
    ..\test-results\tests-pwa-service-worker-P-f49b4-up-old-caches-on-activation-chromium\video.webm
    ────────────────────────────────────────────────────────────────────────────────────────────────

    Error Context: ..\test-results\tests-pwa-service-worker-P-f49b4-up-old-caches-on-activation-chromium\error-context.md
]]>
</failure>
<system-out>
<![CDATA[
[[ATTACHMENT|..\..\test-results\tests-pwa-service-worker-P-f49b4-up-old-caches-on-activation-chromium\test-failed-1.png]]

[[ATTACHMENT|..\..\test-results\tests-pwa-service-worker-P-f49b4-up-old-caches-on-activation-chromium\video.webm]]

[[ATTACHMENT|..\..\test-results\tests-pwa-service-worker-P-f49b4-up-old-caches-on-activation-chromium\error-context.md]]
]]>
</system-out>
</testcase>
<testcase name="PWA Service Worker - Advanced Features › should support skipWaiting for immediate activation" classname="tests\pwa-service-worker.spec.ts" time="0.906">
<failure message="pwa-service-worker.spec.ts:126:3 should support skipWaiting for immediate activation" type="FAILURE">
<![CDATA[  [chromium] › tests\pwa-service-worker.spec.ts:126:3 › PWA Service Worker - Advanced Features › should support skipWaiting for immediate activation 

    Error: page.evaluate: TypeError: Cannot read properties of undefined (reading 'ready')
        at eval (eval at evaluate (:291:30), <anonymous>:2:58)
        at UtilityScript.evaluate (<anonymous>:293:16)
        at UtilityScript.<anonymous> (<anonymous>:1:44)
        at eval (eval at evaluate (:291:30), <anonymous>:2:58)
        at UtilityScript.evaluate (<anonymous>:293:16)
        at UtilityScript.<anonymous> (<anonymous>:1:44)
        at C:\Users\kay\Documents\Projects\pain-tracker\e2e\tests\pwa-service-worker.spec.ts:127:45

    attachment #1: screenshot (image/png) ──────────────────────────────────────────────────────────
    ..\test-results\tests-pwa-service-worker-P-b4c1f-ng-for-immediate-activation-chromium\test-failed-1.png
    ────────────────────────────────────────────────────────────────────────────────────────────────

    attachment #2: video (video/webm) ──────────────────────────────────────────────────────────────
    ..\test-results\tests-pwa-service-worker-P-b4c1f-ng-for-immediate-activation-chromium\video.webm
    ────────────────────────────────────────────────────────────────────────────────────────────────
]]>
</failure>
<system-out>
<![CDATA[
[[ATTACHMENT|..\..\test-results\tests-pwa-service-worker-P-b4c1f-ng-for-immediate-activation-chromium\test-failed-1.png]]

[[ATTACHMENT|..\..\test-results\tests-pwa-service-worker-P-b4c1f-ng-for-immediate-activation-chromium\video.webm]]
]]>
</system-out>
</testcase>
<testcase name="PWA Service Worker - Advanced Features › should claim clients immediately on activation" classname="tests\pwa-service-worker.spec.ts" time="0.71">
<failure message="pwa-service-worker.spec.ts:135:3 should claim clients immediately on activation" type="FAILURE">
<![CDATA[  [chromium] › tests\pwa-service-worker.spec.ts:135:3 › PWA Service Worker - Advanced Features › should claim clients immediately on activation 

    Error: page.evaluate: TypeError: Cannot read properties of undefined (reading 'ready')
        at eval (eval at evaluate (:291:30), <anonymous>:2:58)
        at UtilityScript.evaluate (<anonymous>:293:16)
        at UtilityScript.<anonymous> (<anonymous>:1:44)
        at eval (eval at evaluate (:291:30), <anonymous>:2:58)
        at UtilityScript.evaluate (<anonymous>:293:16)
        at UtilityScript.<anonymous> (<anonymous>:1:44)
        at C:\Users\kay\Documents\Projects\pain-tracker\e2e\tests\pwa-service-worker.spec.ts:136:39

    attachment #1: screenshot (image/png) ──────────────────────────────────────────────────────────
    ..\test-results\tests-pwa-service-worker-P-886d9-s-immediately-on-activation-chromium\test-failed-1.png
    ────────────────────────────────────────────────────────────────────────────────────────────────

    attachment #2: video (video/webm) ──────────────────────────────────────────────────────────────
    ..\test-results\tests-pwa-service-worker-P-886d9-s-immediately-on-activation-chromium\video.webm
    ────────────────────────────────────────────────────────────────────────────────────────────────
]]>
</failure>
<system-out>
<![CDATA[
[[ATTACHMENT|..\..\test-results\tests-pwa-service-worker-P-886d9-s-immediately-on-activation-chromium\test-failed-1.png]]

[[ATTACHMENT|..\..\test-results\tests-pwa-service-worker-P-886d9-s-immediately-on-activation-chromium\video.webm]]
]]>
</system-out>
</testcase>
</testsuite>
</testsuites>