<testsuites id="" name="" tests="7" failures="0" skipped="7" errors="0" time="399.36188500000003">
<testsuite name="tests\pwa-service-worker.spec.ts" timestamp="2025-11-26T20:09:04.439Z" hostname="webkit" tests="7" failures="0" skipped="7" time="386.546" errors="0">
<testcase name="PWA Service Worker › should register service worker successfully" classname="tests\pwa-service-worker.spec.ts" time="386.546">
<skipped>
</skipped>
</testcase>
<testcase name="PWA Service Worker › should cache static assets on install" classname="tests\pwa-service-worker.spec.ts" time="0">
<skipped>
</skipped>
</testcase>
<testcase name="PWA Service Worker › should update service worker version" classname="tests\pwa-service-worker.spec.ts" time="0">
<skipped>
</skipped>
</testcase>
<testcase name="PWA Service Worker › should handle service worker errors gracefully" classname="tests\pwa-service-worker.spec.ts" time="0">
<skipped>
</skipped>
</testcase>
<testcase name="PWA Service Worker › should clean up old caches on activation" classname="tests\pwa-service-worker.spec.ts" time="0">
<skipped>
</skipped>
</testcase>
<testcase name="PWA Service Worker - Advanced Features › should support skipWaiting for immediate activation" classname="tests\pwa-service-worker.spec.ts" time="0">
<skipped>
</skipped>
</testcase>
<testcase name="PWA Service Worker - Advanced Features › should claim clients immediately on activation" classname="tests\pwa-service-worker.spec.ts" time="0">
<skipped>
</skipped>
</testcase>
</testsuite>
</testsuites>