<testsuites id="" name="" tests="77" failures="34" skipped="4" errors="0" time="3087.193498999998">
<testsuite name="accessibility.spec.ts" timestamp="2025-12-06T06:52:59.887Z" hostname="chromium" tests="3" failures="0" skipped="0" time="560.503" errors="0">
<testcase name="Accessibility - comprehensive a11y checks › comprehensive scan dashboard" classname="accessibility.spec.ts" time="162.183">
<system-out>
<![CDATA[[page] debug [vite] connecting...
[page] debug [vite] connected.
[page] info %cDownload the React DevTools for a better development experience: https://reactjs.org/link/react-devtools font-weight:bold
[page] log PWA: Initializing PWA Manager
[page] log i18next: languageChanged en-US
[page] log i18next: initialized {debug: true, initAsync: true, ns: Array(1), defaultNS: Array(1), fallbackLng: Array(1)}
[page] log [Dev] Available commands: window.resetPWA(), window.loadChronicPainTestData()
[page] log [Dev] Available commands: window.resetPWA(), window.loadChronicPainTestData()
[page] log PWA: Service Worker registered successfully ServiceWorkerRegistration
[page] log PWA: Background sync is supported
[page] log PWA: Offline storage initialized
[page] log PWA: Persistent storage: granted
[page] error PWA: Failed to enable health data sync: UnknownError: Background Sync is disabled.
[page] error PWA: Failed to enable health data sync: UnknownError: Background Sync is disabled.
[page] log [SW] registered /sw.js ServiceWorkerRegistration

=== Starting accessibility scan for dashboard ===
Body loaded (2464ms)
Dismissing all blocking modals and notification prompts...
Modal dismissal complete
Dashboard ready via: text=Pain Tracker Pro
Route action complete (10447ms)
Starting color analysis (17374ms)
Color analysis complete (17625ms)
Starting focus testing (17637ms)
Focus testing complete (18135ms)
Starting Axe scan (18136ms)
Axe scan complete (33650ms)
Generated accessibility report: accessibility-report-dashboard-2025-12-06T06-53-56-871Z.html
Total scan time: 33689ms

[[ATTACHMENT|..\..\test-results\accessibility-Accessibilit-4ae52-omprehensive-scan-dashboard-chromium\trace.zip]]
]]>
</system-out>
<system-err>
<![CDATA[Selector [data-walkthrough="pain-entry-form"] not found for route dashboard
Accessibility violations for dashboard: [ { id: [32m'color-contrast'[39m, impact: [32m'serious'[39m, nodes: [33m11[39m } ]
⚠️  1 critical/serious accessibility violations found in dashboard
Review the generated HTML report for details
]]>
</system-err>
</testcase>
<testcase name="Accessibility - comprehensive a11y checks › comprehensive scan analytics" classname="accessibility.spec.ts" time="200.177">
<system-out>
<![CDATA[[page] debug [vite] connecting...
[page] debug [vite] connected.
[page] info %cDownload the React DevTools for a better development experience: https://reactjs.org/link/react-devtools font-weight:bold
[page] log PWA: Initializing PWA Manager
[page] log i18next: languageChanged en-US
[page] log i18next: initialized {debug: true, initAsync: true, ns: Array(1), defaultNS: Array(1), fallbackLng: Array(1)}
[page] log [Dev] Available commands: window.resetPWA(), window.loadChronicPainTestData()
[page] log [Dev] Available commands: window.resetPWA(), window.loadChronicPainTestData()
[page] log PWA: Service Worker registered successfully ServiceWorkerRegistration
[page] log PWA: Background sync is supported
[page] log PWA: Offline storage initialized
[page] log PWA: Persistent storage: granted
[page] error PWA: Failed to enable health data sync: UnknownError: Background Sync is disabled.
[page] error PWA: Failed to enable health data sync: UnknownError: Background Sync is disabled.
[page] log [SW] registered /sw.js ServiceWorkerRegistration

=== Starting accessibility scan for analytics ===
Body loaded (1060ms)
Dismissing all blocking modals and notification prompts...
Modal dismissal complete
Attempting to navigate to analytics...
Trying selectors for analytics: [
  [32m'[data-nav-target="analytics"]'[39m,
  [32m'button:has-text("Analytics")'[39m,
  [32m'button:has-text("Analytics Pro")'[39m,
  [32m'button:has-text("Analytics")'[39m,
  [32m'button:has-text("Premium Analytics")'[39m,
  [32m'[data-nav-target="analytics"]'[39m
]
  Trying selector: [data-nav-target="analytics"]
    Count: 0
  Trying selector: button:has-text("Analytics")
    Count: 0
  Trying selector: button:has-text("Analytics Pro")
    Count: 0
  Trying selector: button:has-text("Analytics")
    Count: 0
  Trying selector: button:has-text("Premium Analytics")
    Count: 0
  Trying selector: [data-nav-target="analytics"]
    Count: 0
    Fallback navigating directly to http://localhost:3000/analytics
[page] debug [vite] connecting...
[page] debug [vite] connected.
[page] info %cDownload the React DevTools for a better development experience: https://reactjs.org/link/react-devtools font-weight:bold
[page] log PWA: Initializing PWA Manager
[page] log i18next: languageChanged en-US
[page] log i18next: initialized {debug: true, initAsync: true, ns: Array(1), defaultNS: Array(1), fallbackLng: Array(1)}
[page] log PWA: Service Worker registered successfully ServiceWorkerRegistration
[page] log PWA: Background sync is supported
[page] log [Dev] Available commands: window.resetPWA(), window.loadChronicPainTestData()
[page] log [Dev] Available commands: window.resetPWA(), window.loadChronicPainTestData()
[page] log PWA: Offline storage initialized
[page] log PWA: Persistent storage: granted
[page] error PWA: Failed to enable health data sync: UnknownError: Background Sync is disabled.
[page] error PWA: Failed to enable health data sync: UnknownError: Background Sync is disabled.
[page] error The script has an unsupported MIME type ('text/html').
[page] warning [SW] registration failed for /analytics/sw.js Failed to register a ServiceWorker for scope ('http://localhost:3000/analytics/') with script ('http://localhost:3000/analytics/sw.js'): The script has an unsupported MIME type ('text/html').
[page] log [SW] registered ./sw.js ServiceWorkerRegistration
Route action complete (30642ms)
Starting color analysis (37024ms)
Color analysis complete (37261ms)
Starting focus testing (37262ms)
Focus testing complete (37536ms)
Starting Axe scan (37536ms)
Axe scan complete (80023ms)
Generated accessibility report: accessibility-report-analytics-2025-12-06T06-54-48-509Z.html
Total scan time: 80215ms

[[ATTACHMENT|..\..\test-results\accessibility-Accessibilit-ac762-omprehensive-scan-analytics-chromium\trace.zip]]
]]>
</system-out>
<system-err>
<![CDATA[Selector text=Premium Analytics not found for route analytics
Accessibility violations for analytics: [ { id: [32m'color-contrast'[39m, impact: [32m'serious'[39m, nodes: [33m11[39m } ]
⚠️  1 critical/serious accessibility violations found in analytics
Review the generated HTML report for details
]]>
</system-err>
</testcase>
<testcase name="Accessibility - comprehensive a11y checks › comprehensive scan calendar" classname="accessibility.spec.ts" time="198.143">
<system-out>
<![CDATA[[page] debug [vite] connecting...
[page] debug [vite] connected.
[page] info %cDownload the React DevTools for a better development experience: https://reactjs.org/link/react-devtools font-weight:bold
[page] log PWA: Initializing PWA Manager
[page] log i18next: languageChanged en-US
[page] log i18next: initialized {debug: true, initAsync: true, ns: Array(1), defaultNS: Array(1), fallbackLng: Array(1)}
[page] log [Dev] Available commands: window.resetPWA(), window.loadChronicPainTestData()
[page] log [Dev] Available commands: window.resetPWA(), window.loadChronicPainTestData()
[page] log PWA: Service Worker registered successfully ServiceWorkerRegistration
[page] log PWA: Background sync is supported
[page] error PWA: Failed to enable health data sync: UnknownError: Background Sync is disabled.
[page] log PWA: Offline storage initialized
[page] log PWA: Persistent storage: granted
[page] error PWA: Failed to enable health data sync: UnknownError: Background Sync is disabled.
[page] log [SW] registered /sw.js ServiceWorkerRegistration

=== Starting accessibility scan for calendar ===
Body loaded (2518ms)
Dismissing all blocking modals and notification prompts...
Modal dismissal complete
Attempting to navigate to calendar/history...
Trying selectors for calendar: [
  [32m'[data-nav-target="history"]'[39m,
  [32m'button:has-text("History")'[39m,
  [32m'button:has-text("Calendar")'[39m,
  [32m'button:has-text("History")'[39m,
  [32m'button:has-text("Pain History")'[39m,
  [32m'[data-nav-target="history"]'[39m,
  [32m'[data-nav-target="calendar"]'[39m
]
  Trying selector: [data-nav-target="history"]
    Count: 0
  Trying selector: button:has-text("History")
    Count: 0
  Trying selector: button:has-text("Calendar")
    Count: 0
  Trying selector: button:has-text("History")
    Count: 0
  Trying selector: button:has-text("Pain History")
    Count: 0
  Trying selector: [data-nav-target="history"]
    Count: 0
  Trying selector: [data-nav-target="calendar"]
    Count: 0
    Fallback navigating directly to http://localhost:3000/history
[page] debug [vite] connecting...
[page] debug [vite] connected.
[page] info %cDownload the React DevTools for a better development experience: https://reactjs.org/link/react-devtools font-weight:bold
[page] log PWA: Initializing PWA Manager
[page] log i18next: languageChanged en-US
[page] log i18next: initialized {debug: true, initAsync: true, ns: Array(1), defaultNS: Array(1), fallbackLng: Array(1)}
[page] log PWA: Service Worker registered successfully ServiceWorkerRegistration
[page] log PWA: Background sync is supported
[page] log [Dev] Available commands: window.resetPWA(), window.loadChronicPainTestData()
[page] log [Dev] Available commands: window.resetPWA(), window.loadChronicPainTestData()
[page] log [SW] registered /sw.js ServiceWorkerRegistration
[page] log PWA: Offline storage initialized
[page] log PWA: Persistent storage: granted
[page] error PWA: Failed to enable health data sync: UnknownError: Background Sync is disabled.
[page] error PWA: Failed to enable health data sync: UnknownError: Background Sync is disabled.
Route action complete (27206ms)
Starting color analysis (33744ms)
Color analysis complete (34167ms)
Starting focus testing (34183ms)
Focus testing complete (34752ms)
Starting Axe scan (34752ms)
Axe scan complete (75325ms)
Generated accessibility report: accessibility-report-calendar-2025-12-06T06-54-39-040Z.html
Total scan time: 75367ms

[[ATTACHMENT|..\..\test-results\accessibility-Accessibilit-506fa-comprehensive-scan-calendar-chromium\trace.zip]]
]]>
</system-out>
<system-err>
<![CDATA[Selector [data-walkthrough="pain-history"] not found for route calendar
Accessibility violations for calendar: [ { id: [32m'color-contrast'[39m, impact: [32m'serious'[39m, nodes: [33m11[39m } ]
⚠️  1 critical/serious accessibility violations found in calendar
Review the generated HTML report for details
]]>
</system-err>
</testcase>
</testsuite>
<testsuite name="core-loop.spec.ts" timestamp="2025-12-06T06:52:59.887Z" hostname="chromium" tests="1" failures="1" skipped="0" time="170.502" errors="0">
<testcase name="core loop: entry → dashboard → analytics → export" classname="core-loop.spec.ts" time="170.502">
<failure message="core-loop.spec.ts:877:1 core loop: entry → dashboard → analytics → export" type="FAILURE">
<![CDATA[  [chromium] › core-loop.spec.ts:877:1 › core loop: entry → dashboard → analytics → export ─────────

    TimeoutError: page.waitForSelector: Timeout 10000ms exceeded.
    Call log:
      - waiting for locator('main, [data-walkthrough="pain-entry-form"]') to be visible


      760 |
      761 |   // Ensure we're on the dashboard main area
    > 762 |   await page.waitForSelector('main, [data-walkthrough="pain-entry-form"]', { timeout: 10000 });
          |              ^
      763 |
      764 |   // If we're on the empty-state card, use the primary CTA to open the first-entry flow.
      765 |   const emptyStateHeading = page.getByRole('heading', {
        at createSimpleEntry (C:\Users\kay\Documents\Projects\pain-tracker\e2e\core-loop.spec.ts:762:14)
        at C:\Users\kay\Documents\Projects\pain-tracker\e2e\core-loop.spec.ts:976:9

    attachment #1: screenshot (image/png) ──────────────────────────────────────────────────────────
    ..\test-results\core-loop-core-loop-entry-→-dashboard-→-analytics-→-export-chromium\test-failed-1.png
    ────────────────────────────────────────────────────────────────────────────────────────────────

    attachment #2: video (video/webm) ──────────────────────────────────────────────────────────────
    ..\test-results\core-loop-core-loop-entry-→-dashboard-→-analytics-→-export-chromium\video.webm
    ────────────────────────────────────────────────────────────────────────────────────────────────

    Error Context: ..\test-results\core-loop-core-loop-entry-→-dashboard-→-analytics-→-export-chromium\error-context.md

    attachment #4: trace (application/zip) ─────────────────────────────────────────────────────────
    ..\test-results\core-loop-core-loop-entry-→-dashboard-→-analytics-→-export-chromium\trace.zip
    Usage:

        npx playwright show-trace ..\test-results\core-loop-core-loop-entry-→-dashboard-→-analytics-→-export-chromium\trace.zip

    ────────────────────────────────────────────────────────────────────────────────────────────────
]]>
</failure>
<system-out>
<![CDATA[[page] debug [vite] connecting...
[page] debug [vite] connected.
[page] info %cDownload the React DevTools for a better development experience: https://reactjs.org/link/react-devtools font-weight:bold
[page] log PWA: Initializing PWA Manager
[page] log i18next: languageChanged en-US
[page] log i18next: initialized {debug: true, initAsync: true, ns: Array(1), defaultNS: Array(1), fallbackLng: Array(1)}
[page] log [Dev] Available commands: window.resetPWA(), window.loadChronicPainTestData()
[page] log [Dev] Available commands: window.resetPWA(), window.loadChronicPainTestData()
[page] log PWA: Service Worker registered successfully ServiceWorkerRegistration
[page] log PWA: Background sync is supported
[page] log PWA: Offline storage initialized
[page] log PWA: Persistent storage: granted
[page] error PWA: Failed to enable health data sync: UnknownError: Background Sync is disabled.
[page] error PWA: Failed to enable health data sync: UnknownError: Background Sync is disabled.
[page] log [SW] registered /sw.js ServiceWorkerRegistration
[page] log [sodium] Starting initialization (SUMO version)...
[page] log [sodium] Module type: object
[page] log [sodium] Module.default type: object
[page] log [sodium] Waiting for ready...
[page] log [sodium] Library initialized successfully
[page] log [sodium] crypto_pwhash type: function
[page] log [sodium] crypto_pwhash_str type: function
[page] log [sodium] crypto_pwhash_SALTBYTES: 16
[page] warning Button missing aria-label: JSHandle@node
[page] warning Button missing aria-label: JSHandle@node
[page] error The above error occurred in the <Toast> component:

    at Toast (http://localhost:3000/src/components/feedback/Toast.tsx:6:3)
    at div
    at ToastProvider (http://localhost:3000/src/components/feedback/ToastProvider.tsx:7:33)
    at TraumaInformedProvider (http://localhost:3000/src/components/accessibility/TraumaInformedContext.tsx:13:42)
    at ToneProvider (http://localhost:3000/src/contexts/ToneContext.tsx:8:32)
    at SubscriptionProvider (http://localhost:3000/src/contexts/SubscriptionContext.tsx:13:40)
    at ThemeProvider (http://localhost:3000/src/design-system/ThemeProvider.tsx:69:3)
    at Router (http://localhost:3000/node_modules/.vite/deps/react-router-dom.js?v=24085084:6735:13)
    at BrowserRouter (http://localhost:3000/node_modules/.vite/deps/react-router-dom.js?v=24085084:9844:3)
    at App (http://localhost:3000/src/App.tsx:85:31)

Consider adding an error boundary to your tree to customize error handling behavior.
Visit https://reactjs.org/link/error-boundaries to learn more about error boundaries.

[[ATTACHMENT|..\..\test-results\core-loop-core-loop-entry-→-dashboard-→-analytics-→-export-chromium\test-failed-1.png]]

[[ATTACHMENT|..\..\test-results\core-loop-core-loop-entry-→-dashboard-→-analytics-→-export-chromium\video.webm]]

[[ATTACHMENT|..\..\test-results\core-loop-core-loop-entry-→-dashboard-→-analytics-→-export-chromium\error-context.md]]

[[ATTACHMENT|..\..\test-results\core-loop-core-loop-entry-→-dashboard-→-analytics-→-export-chromium\trace.zip]]
]]>
</system-out>
</testcase>
</testsuite>
<testsuite name="tests\encrypted-seed.spec.ts" timestamp="2025-12-06T06:52:59.887Z" hostname="chromium" tests="1" failures="0" skipped="0" time="137.26" errors="0">
<testcase name="encrypted seeding makes entries decryptable and readable by app" classname="tests\encrypted-seed.spec.ts" time="137.26">
<system-out>
<![CDATA[
[[ATTACHMENT|..\..\test-results\tests-encrypted-seed-encry-0d9f5-yptable-and-readable-by-app-chromium\trace.zip]]
]]>
</system-out>
</testcase>
</testsuite>
<testsuite name="tests\notification-checkin.spec.ts" timestamp="2025-12-06T06:52:59.887Z" hostname="chromium" tests="1" failures="0" skipped="0" time="34.537" errors="0">
<testcase name="Notification -&gt; Check-in -&gt; Insights modal › opens check-in and shows interactive insights modal that blocks leaving until Done" classname="tests\notification-checkin.spec.ts" time="34.537">
<system-out>
<![CDATA[[page] debug [vite] connecting...
[page] debug [vite] connected.
[page] info %cDownload the React DevTools for a better development experience: https://reactjs.org/link/react-devtools font-weight:bold
[page] log PWA: Initializing PWA Manager
[page] log i18next: languageChanged en-US
[page] log i18next: initialized {debug: true, initAsync: true, ns: Array(1), defaultNS: Array(1), fallbackLng: Array(1)}
[page] log PWA: Service Worker registered successfully ServiceWorkerRegistration
[page] log PWA: Background sync is supported
[page] log [sodium] Starting initialization (SUMO version)...
[page] log [Dev] Available commands: window.resetPWA(), window.loadChronicPainTestData()
[page] log [Dev] Available commands: window.resetPWA(), window.loadChronicPainTestData()
[page] error The script has an unsupported MIME type ('text/html').
[page] warning [SW] registration failed for /app/checkin/sw.js Failed to register a ServiceWorker for scope ('http://localhost:3000/app/checkin/') with script ('http://localhost:3000/app/checkin/sw.js'): The script has an unsupported MIME type ('text/html').
[page] error The script has an unsupported MIME type ('text/html').
[page] log [sodium] Module type: object
[page] log [sodium] Module.default type: object
[page] log [sodium] Waiting for ready...
[page] warning [SW] registration failed for ./sw.js Failed to register a ServiceWorker for scope ('http://localhost:3000/app/') with script ('http://localhost:3000/app/sw.js'): The script has an unsupported MIME type ('text/html').
[page] log [sodium] Library initialized successfully
[page] log [sodium] crypto_pwhash type: function
[page] log [sodium] crypto_pwhash_str type: function
[page] log [sodium] crypto_pwhash_SALTBYTES: 16
[page] log PWA: Offline storage initialized
[page] log PWA: Persistent storage: granted
[page] error PWA: Failed to enable health data sync: UnknownError: Background Sync is disabled.
[page] error PWA: Failed to enable health data sync: UnknownError: Background Sync is disabled.
[page] warning Button missing aria-label: JSHandle@node
[page] warning Button missing aria-label: JSHandle@node

[[ATTACHMENT|..\..\test-results\tests-notification-checkin-e928f-t-blocks-leaving-until-Done-chromium\trace.zip]]
]]>
</system-out>
</testcase>
</testsuite>
<testsuite name="tests\pain-entry-form.spec.ts" timestamp="2025-12-06T06:52:59.887Z" hostname="chromium" tests="2" failures="2" skipped="0" time="477.428" errors="0">
<testcase name="PainEntryForm e2e › can create a pain entry and see it in the list" classname="tests\pain-entry-form.spec.ts" time="235.842">
<failure message="pain-entry-form.spec.ts:42:3 can create a pain entry and see it in the list" type="FAILURE">
<![CDATA[  [chromium] › tests\pain-entry-form.spec.ts:42:3 › PainEntryForm e2e › can create a pain entry and see it in the list 

    Error: expect(locator).toBeVisible() failed

    Locator:  getByText(/Record Pain Entry/)
    Expected: visible
    Received: <element(s) not found>
    Timeout:  30000ms

    Call log:
      - Expect "toBeVisible" with timeout 30000ms
      - waiting for getByText(/Record Pain Entry/)


      36 |       }
      37 |       // Fallback: require the Record Pain Entry card title
    > 38 |       await expect(page.getByText(/Record Pain Entry/)).toBeVisible({ timeout });
         |                                                         ^
      39 |     }
      40 |   });
      41 |
        at C:\Users\kay\Documents\Projects\pain-tracker\e2e\tests\pain-entry-form.spec.ts:38:57

    Tearing down "context" exceeded the test timeout of 180000ms.

    attachment #1: screenshot (image/png) ──────────────────────────────────────────────────────────
    ..\test-results\tests-pain-entry-form-Pain-5c246-ntry-and-see-it-in-the-list-chromium\test-failed-1.png
    ────────────────────────────────────────────────────────────────────────────────────────────────

    Error Context: ..\test-results\tests-pain-entry-form-Pain-5c246-ntry-and-see-it-in-the-list-chromium\error-context.md

    attachment #3: trace (application/zip) ─────────────────────────────────────────────────────────
    ..\test-results\tests-pain-entry-form-Pain-5c246-ntry-and-see-it-in-the-list-chromium\trace.zip
    Usage:

        npx playwright show-trace ..\test-results\tests-pain-entry-form-Pain-5c246-ntry-and-see-it-in-the-list-chromium\trace.zip

    ────────────────────────────────────────────────────────────────────────────────────────────────
]]>
</failure>
<system-out>
<![CDATA[
[[ATTACHMENT|..\..\test-results\tests-pain-entry-form-Pain-5c246-ntry-and-see-it-in-the-list-chromium\test-failed-1.png]]

[[ATTACHMENT|..\..\test-results\tests-pain-entry-form-Pain-5c246-ntry-and-see-it-in-the-list-chromium\error-context.md]]

[[ATTACHMENT|..\..\test-results\tests-pain-entry-form-Pain-5c246-ntry-and-see-it-in-the-list-chromium\trace.zip]]
]]>
</system-out>
</testcase>
<testcase name="PainEntryForm e2e › export report produces CSV download when WCB report shown" classname="tests\pain-entry-form.spec.ts" time="241.586">
<failure message="pain-entry-form.spec.ts:100:3 export report produces CSV download when WCB report shown" type="FAILURE">
<![CDATA[  [chromium] › tests\pain-entry-form.spec.ts:100:3 › PainEntryForm e2e › export report produces CSV download when WCB report shown 

    Error: expect(locator).toBeVisible() failed

    Locator:  getByText(/Record Pain Entry/)
    Expected: visible
    Received: <element(s) not found>
    Timeout:  30000ms

    Call log:
      - Expect "toBeVisible" with timeout 30000ms
      - waiting for getByText(/Record Pain Entry/)


      36 |       }
      37 |       // Fallback: require the Record Pain Entry card title
    > 38 |       await expect(page.getByText(/Record Pain Entry/)).toBeVisible({ timeout });
         |                                                         ^
      39 |     }
      40 |   });
      41 |
        at C:\Users\kay\Documents\Projects\pain-tracker\e2e\tests\pain-entry-form.spec.ts:38:57

    Tearing down "context" exceeded the test timeout of 180000ms.

    attachment #1: screenshot (image/png) ──────────────────────────────────────────────────────────
    ..\test-results\tests-pain-entry-form-Pain-c8db5-nload-when-WCB-report-shown-chromium\test-failed-1.png
    ────────────────────────────────────────────────────────────────────────────────────────────────

    Error Context: ..\test-results\tests-pain-entry-form-Pain-c8db5-nload-when-WCB-report-shown-chromium\error-context.md

    attachment #3: trace (application/zip) ─────────────────────────────────────────────────────────
    ..\test-results\tests-pain-entry-form-Pain-c8db5-nload-when-WCB-report-shown-chromium\trace.zip
    Usage:

        npx playwright show-trace ..\test-results\tests-pain-entry-form-Pain-c8db5-nload-when-WCB-report-shown-chromium\trace.zip

    ────────────────────────────────────────────────────────────────────────────────────────────────
]]>
</failure>
<system-out>
<![CDATA[
[[ATTACHMENT|..\..\test-results\tests-pain-entry-form-Pain-c8db5-nload-when-WCB-report-shown-chromium\test-failed-1.png]]

[[ATTACHMENT|..\..\test-results\tests-pain-entry-form-Pain-c8db5-nload-when-WCB-report-shown-chromium\error-context.md]]

[[ATTACHMENT|..\..\test-results\tests-pain-entry-form-Pain-c8db5-nload-when-WCB-report-shown-chromium\trace.zip]]
]]>
</system-out>
</testcase>
</testsuite>
<testsuite name="tests\pwa-background-sync.spec.ts" timestamp="2025-12-06T06:52:59.887Z" hostname="chromium" tests="13" failures="5" skipped="3" time="1212.359" errors="0">
<testcase name="PWA Background Sync › should support Background Sync API (Chromium)" classname="tests\pwa-background-sync.spec.ts" time="211.979">
<system-out>
<![CDATA[Background Sync API support: [33mtrue[39m

[[ATTACHMENT|..\..\test-results\tests-pwa-background-sync--7446e-ckground-Sync-API-Chromium--chromium\trace.zip]]
]]>
</system-out>
</testcase>
<testcase name="PWA Background Sync › should handle sync registration (Chromium)" classname="tests\pwa-background-sync.spec.ts" time="51.038">
<system-out>
<![CDATA[
[[ATTACHMENT|..\..\test-results\tests-pwa-background-sync--5e6c6-sync-registration-Chromium--chromium\trace.zip]]
]]>
</system-out>
</testcase>
<testcase name="PWA Background Sync › should queue failed requests for sync" classname="tests\pwa-background-sync.spec.ts" time="220.106">
<failure message="pwa-background-sync.spec.ts:75:3 should queue failed requests for sync" type="FAILURE">
<![CDATA[  [chromium] › tests\pwa-background-sync.spec.ts:75:3 › PWA Background Sync › should queue failed requests for sync 

    Tearing down "context" exceeded the test timeout of 180000ms.

    attachment #1: screenshot (image/png) ──────────────────────────────────────────────────────────
    ..\test-results\tests-pwa-background-sync--f6da1-ue-failed-requests-for-sync-chromium\test-failed-1.png
    ────────────────────────────────────────────────────────────────────────────────────────────────

    attachment #2: trace (application/zip) ─────────────────────────────────────────────────────────
    ..\test-results\tests-pwa-background-sync--f6da1-ue-failed-requests-for-sync-chromium\trace.zip
    Usage:

        npx playwright show-trace ..\test-results\tests-pwa-background-sync--f6da1-ue-failed-requests-for-sync-chromium\trace.zip

    ────────────────────────────────────────────────────────────────────────────────────────────────
]]>
</failure>
<system-out>
<![CDATA[Offline queue cache exists: [33mfalse[39m

[[ATTACHMENT|..\..\test-results\tests-pwa-background-sync--f6da1-ue-failed-requests-for-sync-chromium\test-failed-1.png]]

[[ATTACHMENT|..\..\test-results\tests-pwa-background-sync--f6da1-ue-failed-requests-for-sync-chromium\trace.zip]]
]]>
</system-out>
</testcase>
<testcase name="PWA Background Sync › should handle sync event in service worker" classname="tests\pwa-background-sync.spec.ts" time="250.999">
<failure message="pwa-background-sync.spec.ts:87:3 should handle sync event in service worker" type="FAILURE">
<![CDATA[  [chromium] › tests\pwa-background-sync.spec.ts:87:3 › PWA Background Sync › should handle sync event in service worker 

    Tearing down "context" exceeded the test timeout of 180000ms.

    attachment #1: screenshot (image/png) ──────────────────────────────────────────────────────────
    ..\test-results\tests-pwa-background-sync--56445-ync-event-in-service-worker-chromium\test-failed-1.png
    ────────────────────────────────────────────────────────────────────────────────────────────────

    attachment #2: trace (application/zip) ─────────────────────────────────────────────────────────
    ..\test-results\tests-pwa-background-sync--56445-ync-event-in-service-worker-chromium\trace.zip
    Usage:

        npx playwright show-trace ..\test-results\tests-pwa-background-sync--56445-ync-event-in-service-worker-chromium\trace.zip

    ────────────────────────────────────────────────────────────────────────────────────────────────
]]>
</failure>
<system-out>
<![CDATA[[page] debug [vite] connecting...
[page] debug [vite] connected.
[page] info %cDownload the React DevTools for a better development experience: https://reactjs.org/link/react-devtools font-weight:bold
[page] log PWA: Initializing PWA Manager
[page] log i18next: languageChanged en-US
[page] log i18next: initialized {debug: true, initAsync: true, ns: Array(1), defaultNS: Array(1), fallbackLng: Array(1)}
[page] log [Dev] Available commands: window.resetPWA(), window.loadChronicPainTestData()
[page] log [Dev] Available commands: window.resetPWA(), window.loadChronicPainTestData()
[page] log PWA: Service Worker registered successfully ServiceWorkerRegistration
[page] log PWA: Background sync is supported
[page] log PWA: Offline storage initialized
[page] log PWA: Persistent storage: granted
[page] log [SW] registered /sw.js ServiceWorkerRegistration

[[ATTACHMENT|..\..\test-results\tests-pwa-background-sync--56445-ync-event-in-service-worker-chromium\test-failed-1.png]]

[[ATTACHMENT|..\..\test-results\tests-pwa-background-sync--56445-ync-event-in-service-worker-chromium\trace.zip]]
]]>
</system-out>
</testcase>
<testcase name="PWA Background Sync › should store sync data in IndexedDB" classname="tests\pwa-background-sync.spec.ts" time="166.639">
<system-out>
<![CDATA[[page] debug [vite] connecting...
[page] debug [vite] connected.
[page] info %cDownload the React DevTools for a better development experience: https://reactjs.org/link/react-devtools font-weight:bold
[page] log PWA: Initializing PWA Manager
[page] log i18next: languageChanged en-US
[page] log i18next: initialized {debug: true, initAsync: true, ns: Array(1), defaultNS: Array(1), fallbackLng: Array(1)}
[page] log [Dev] Available commands: window.resetPWA(), window.loadChronicPainTestData()
[page] log [Dev] Available commands: window.resetPWA(), window.loadChronicPainTestData()
[page] log PWA: Service Worker registered successfully ServiceWorkerRegistration
[page] log PWA: Background sync is supported
[page] error PWA: Failed to enable health data sync: UnknownError: Background Sync is disabled.
[page] log [SW] registered /sw.js ServiceWorkerRegistration
[page] log PWA: Offline storage initialized
[page] log PWA: Persistent storage: granted
[page] error PWA: Failed to enable health data sync: UnknownError: Background Sync is disabled.

[[ATTACHMENT|..\..\test-results\tests-pwa-background-sync--252dd-tore-sync-data-in-IndexedDB-chromium\trace.zip]]
]]>
</system-out>
</testcase>
<testcase name="PWA Background Sync › should handle manual sync fallback (non-Chromium)" classname="tests\pwa-background-sync.spec.ts" time="214.901">
<properties>
<property name="skip" value="Testing manual sync fallback for non-Chromium">
</property>
</properties>
<skipped>
</skipped>
</testcase>
<testcase name="PWA Background Sync › should trigger sync on network recovery" classname="tests\pwa-background-sync.spec.ts" time="52.084">
<system-out>
<![CDATA[[page] debug [vite] connecting...
[page] debug [vite] connected.
[page] info %cDownload the React DevTools for a better development experience: https://reactjs.org/link/react-devtools font-weight:bold
[page] log PWA: Initializing PWA Manager
[page] log i18next: languageChanged en-US
[page] log i18next: initialized {debug: true, initAsync: true, ns: Array(1), defaultNS: Array(1), fallbackLng: Array(1)}
[page] log PWA: Service Worker registered successfully ServiceWorkerRegistration
[page] log PWA: Background sync is supported
[page] log [Dev] Available commands: window.resetPWA(), window.loadChronicPainTestData()
[page] log [Dev] Available commands: window.resetPWA(), window.loadChronicPainTestData()
[page] log [SW] registered /sw.js ServiceWorkerRegistration
[page] log PWA: Offline storage initialized
[page] log PWA: Persistent storage: granted
[page] error PWA: Failed to enable health data sync: UnknownError: Background Sync is disabled.
[page] error PWA: Failed to enable health data sync: UnknownError: Background Sync is disabled.
[page] log BackgroundSync: Connection lost
[page] log PWA: Gone offline
[page] log BackgroundSync: Connection restored, starting sync
[page] log BackgroundSync: Starting sync process
[page] log PWA: Back online
[page] log BackgroundSync: Force sync requested
[page] log BackgroundSync: Sync already in progress
[page] log BackgroundSync: No items to sync
[page] error PWA: Background sync registration failed: UnknownError: Background Sync is disabled.
[page] log BackgroundSync: Starting sync process
[page] log BackgroundSync: No items to sync

[[ATTACHMENT|..\..\test-results\tests-pwa-background-sync--d90a3-er-sync-on-network-recovery-chromium\trace.zip]]
]]>
</system-out>
</testcase>
<testcase name="PWA Background Sync - Data Flow › should persist pending sync items" classname="tests\pwa-background-sync.spec.ts" time="19.22">
<failure message="pwa-background-sync.spec.ts:168:3 should persist pending sync items" type="FAILURE">
<![CDATA[  [chromium] › tests\pwa-background-sync.spec.ts:168:3 › PWA Background Sync - Data Flow › should persist pending sync items 

    TimeoutError: page.waitForSelector: Timeout 10000ms exceeded.
    Call log:
      - waiting for locator('#pain-level') to be visible


      168 |   test('should persist pending sync items', async ({ page, context }) => {
      169 |     // Create a pain entry while offline
    > 170 |     await page.waitForSelector('#pain-level', { timeout: 10000 });
          |                ^
      171 |     
      172 |     // Fill form
      173 |     await page.evaluate(() => {
        at C:\Users\kay\Documents\Projects\pain-tracker\e2e\tests\pwa-background-sync.spec.ts:170:16

    attachment #1: screenshot (image/png) ──────────────────────────────────────────────────────────
    ..\test-results\tests-pwa-background-sync--0d956--persist-pending-sync-items-chromium\test-failed-1.png
    ────────────────────────────────────────────────────────────────────────────────────────────────

    attachment #2: video (video/webm) ──────────────────────────────────────────────────────────────
    ..\test-results\tests-pwa-background-sync--0d956--persist-pending-sync-items-chromium\video.webm
    ────────────────────────────────────────────────────────────────────────────────────────────────

    attachment #3: trace (application/zip) ─────────────────────────────────────────────────────────
    ..\test-results\tests-pwa-background-sync--0d956--persist-pending-sync-items-chromium\trace.zip
    Usage:

        npx playwright show-trace ..\test-results\tests-pwa-background-sync--0d956--persist-pending-sync-items-chromium\trace.zip

    ────────────────────────────────────────────────────────────────────────────────────────────────
]]>
</failure>
<system-out>
<![CDATA[
[[ATTACHMENT|..\..\test-results\tests-pwa-background-sync--0d956--persist-pending-sync-items-chromium\test-failed-1.png]]

[[ATTACHMENT|..\..\test-results\tests-pwa-background-sync--0d956--persist-pending-sync-items-chromium\video.webm]]

[[ATTACHMENT|..\..\test-results\tests-pwa-background-sync--0d956--persist-pending-sync-items-chromium\trace.zip]]
]]>
</system-out>
</testcase>
<testcase name="PWA Background Sync - Data Flow › should handle sync retry logic" classname="tests\pwa-background-sync.spec.ts" time="3.359">
<failure message="pwa-background-sync.spec.ts:222:3 should handle sync retry logic" type="FAILURE">
<![CDATA[  [chromium] › tests\pwa-background-sync.spec.ts:222:3 › PWA Background Sync - Data Flow › should handle sync retry logic 

    Error: page.evaluate: TypeError: Cannot read properties of undefined (reading 'ready')
        at eval (eval at evaluate (:291:30), <anonymous>:2:58)
        at UtilityScript.evaluate (<anonymous>:293:16)
        at UtilityScript.<anonymous> (<anonymous>:1:44)
        at eval (eval at evaluate (:291:30), <anonymous>:2:58)
        at UtilityScript.evaluate (<anonymous>:293:16)
        at UtilityScript.<anonymous> (<anonymous>:1:44)
        at C:\Users\kay\Documents\Projects\pain-tracker\e2e\tests\pwa-background-sync.spec.ts:226:37

    attachment #1: screenshot (image/png) ──────────────────────────────────────────────────────────
    ..\test-results\tests-pwa-background-sync--fc054-uld-handle-sync-retry-logic-chromium\test-failed-1.png
    ────────────────────────────────────────────────────────────────────────────────────────────────

    attachment #2: video (video/webm) ──────────────────────────────────────────────────────────────
    ..\test-results\tests-pwa-background-sync--fc054-uld-handle-sync-retry-logic-chromium\video.webm
    ────────────────────────────────────────────────────────────────────────────────────────────────

    attachment #3: trace (application/zip) ─────────────────────────────────────────────────────────
    ..\test-results\tests-pwa-background-sync--fc054-uld-handle-sync-retry-logic-chromium\trace.zip
    Usage:

        npx playwright show-trace ..\test-results\tests-pwa-background-sync--fc054-uld-handle-sync-retry-logic-chromium\trace.zip

    ────────────────────────────────────────────────────────────────────────────────────────────────
]]>
</failure>
<system-out>
<![CDATA[
[[ATTACHMENT|..\..\test-results\tests-pwa-background-sync--fc054-uld-handle-sync-retry-logic-chromium\test-failed-1.png]]

[[ATTACHMENT|..\..\test-results\tests-pwa-background-sync--fc054-uld-handle-sync-retry-logic-chromium\video.webm]]

[[ATTACHMENT|..\..\test-results\tests-pwa-background-sync--fc054-uld-handle-sync-retry-logic-chromium\trace.zip]]
]]>
</system-out>
</testcase>
<testcase name="PWA Background Sync - Data Flow › should clear synced items from queue" classname="tests\pwa-background-sync.spec.ts" time="4.964">
<failure message="pwa-background-sync.spec.ts:238:3 should clear synced items from queue" type="FAILURE">
<![CDATA[  [chromium] › tests\pwa-background-sync.spec.ts:238:3 › PWA Background Sync - Data Flow › should clear synced items from queue 

    Error: page.evaluate: ReferenceError: caches is not defined
        at eval (eval at evaluate (:291:30), <anonymous>:3:26)
        at UtilityScript.evaluate (<anonymous>:293:16)
        at UtilityScript.<anonymous> (<anonymous>:1:44)
        at eval (eval at evaluate (:291:30), <anonymous>:3:26)
        at UtilityScript.evaluate (<anonymous>:293:16)
        at UtilityScript.<anonymous> (<anonymous>:1:44)
        at C:\Users\kay\Documents\Projects\pain-tracker\e2e\tests\pwa-background-sync.spec.ts:244:35

    attachment #1: screenshot (image/png) ──────────────────────────────────────────────────────────
    ..\test-results\tests-pwa-background-sync--e8700-ear-synced-items-from-queue-chromium\test-failed-1.png
    ────────────────────────────────────────────────────────────────────────────────────────────────

    attachment #2: video (video/webm) ──────────────────────────────────────────────────────────────
    ..\test-results\tests-pwa-background-sync--e8700-ear-synced-items-from-queue-chromium\video.webm
    ────────────────────────────────────────────────────────────────────────────────────────────────

    attachment #3: trace (application/zip) ─────────────────────────────────────────────────────────
    ..\test-results\tests-pwa-background-sync--e8700-ear-synced-items-from-queue-chromium\trace.zip
    Usage:

        npx playwright show-trace ..\test-results\tests-pwa-background-sync--e8700-ear-synced-items-from-queue-chromium\trace.zip

    ────────────────────────────────────────────────────────────────────────────────────────────────
]]>
</failure>
<system-out>
<![CDATA[
[[ATTACHMENT|..\..\test-results\tests-pwa-background-sync--e8700-ear-synced-items-from-queue-chromium\test-failed-1.png]]

[[ATTACHMENT|..\..\test-results\tests-pwa-background-sync--e8700-ear-synced-items-from-queue-chromium\video.webm]]

[[ATTACHMENT|..\..\test-results\tests-pwa-background-sync--e8700-ear-synced-items-from-queue-chromium\trace.zip]]
]]>
</system-out>
</testcase>
<testcase name="PWA Background Sync - Browser Compatibility › should provide sync status in UI" classname="tests\pwa-background-sync.spec.ts" time="5.041">
<system-out>
<![CDATA[Has sync indicator: [33mfalse[39m

[[ATTACHMENT|..\..\test-results\tests-pwa-background-sync--4efc6-d-provide-sync-status-in-UI-chromium\trace.zip]]
]]>
</system-out>
</testcase>
<testcase name="PWA Background Sync - Browser Compatibility › should handle sync gracefully on Firefox" classname="tests\pwa-background-sync.spec.ts" time="9.455">
<properties>
<property name="skip" value="Firefox-specific test">
</property>
</properties>
<skipped>
</skipped>
</testcase>
<testcase name="PWA Background Sync - Browser Compatibility › should handle sync on Safari/WebKit" classname="tests\pwa-background-sync.spec.ts" time="2.574">
<properties>
<property name="skip" value="Safari-specific test">
</property>
</properties>
<skipped>
</skipped>
</testcase>
</testsuite>
<testsuite name="tests\pwa-caching.spec.ts" timestamp="2025-12-06T06:52:59.887Z" hostname="chromium" tests="13" failures="10" skipped="0" time="1406.333" errors="0">
<testcase name="PWA Caching Strategy › should have static cache created" classname="tests\pwa-caching.spec.ts" time="217.85">
<failure message="pwa-caching.spec.ts:16:3 should have static cache created" type="FAILURE">
<![CDATA[  [chromium] › tests\pwa-caching.spec.ts:16:3 › PWA Caching Strategy › should have static cache created 

    Tearing down "context" exceeded the test timeout of 180000ms.

    attachment #1: screenshot (image/png) ──────────────────────────────────────────────────────────
    ..\test-results\tests-pwa-caching-PWA-Cach-2d861-d-have-static-cache-created-chromium\test-failed-1.png
    ────────────────────────────────────────────────────────────────────────────────────────────────

    attachment #2: trace (application/zip) ─────────────────────────────────────────────────────────
    ..\test-results\tests-pwa-caching-PWA-Cach-2d861-d-have-static-cache-created-chromium\trace.zip
    Usage:

        npx playwright show-trace ..\test-results\tests-pwa-caching-PWA-Cach-2d861-d-have-static-cache-created-chromium\trace.zip

    ────────────────────────────────────────────────────────────────────────────────────────────────
]]>
</failure>
<system-out>
<![CDATA[
[[ATTACHMENT|..\..\test-results\tests-pwa-caching-PWA-Cach-2d861-d-have-static-cache-created-chromium\test-failed-1.png]]

[[ATTACHMENT|..\..\test-results\tests-pwa-caching-PWA-Cach-2d861-d-have-static-cache-created-chromium\trace.zip]]
]]>
</system-out>
</testcase>
<testcase name="PWA Caching Strategy › should have dynamic cache created" classname="tests\pwa-caching.spec.ts" time="290.736">
<failure message="pwa-caching.spec.ts:40:3 should have dynamic cache created" type="FAILURE">
<![CDATA[  [chromium] › tests\pwa-caching.spec.ts:40:3 › PWA Caching Strategy › should have dynamic cache created 

    Error: expect(received).toBe(expected) // Object.is equality

    Expected: true
    Received: false

      50 |     });
      51 |     
    > 52 |     expect(cacheInfo.found).toBe(true);
         |                             ^
      53 |   });
      54 |
      55 |   test('should cache index.html in static cache', async ({ page }) => {
        at C:\Users\kay\Documents\Projects\pain-tracker\e2e\tests\pwa-caching.spec.ts:52:29

    Tearing down "context" exceeded the test timeout of 180000ms.

    attachment #1: screenshot (image/png) ──────────────────────────────────────────────────────────
    ..\test-results\tests-pwa-caching-PWA-Cach-11a72--have-dynamic-cache-created-chromium\test-failed-1.png
    ────────────────────────────────────────────────────────────────────────────────────────────────

    Error Context: ..\test-results\tests-pwa-caching-PWA-Cach-11a72--have-dynamic-cache-created-chromium\error-context.md

    attachment #3: trace (application/zip) ─────────────────────────────────────────────────────────
    ..\test-results\tests-pwa-caching-PWA-Cach-11a72--have-dynamic-cache-created-chromium\trace.zip
    Usage:

        npx playwright show-trace ..\test-results\tests-pwa-caching-PWA-Cach-11a72--have-dynamic-cache-created-chromium\trace.zip

    ────────────────────────────────────────────────────────────────────────────────────────────────
]]>
</failure>
<system-out>
<![CDATA[
[[ATTACHMENT|..\..\test-results\tests-pwa-caching-PWA-Cach-11a72--have-dynamic-cache-created-chromium\test-failed-1.png]]

[[ATTACHMENT|..\..\test-results\tests-pwa-caching-PWA-Cach-11a72--have-dynamic-cache-created-chromium\error-context.md]]

[[ATTACHMENT|..\..\test-results\tests-pwa-caching-PWA-Cach-11a72--have-dynamic-cache-created-chromium\trace.zip]]
]]>
</system-out>
</testcase>
<testcase name="PWA Caching Strategy › should cache index.html in static cache" classname="tests\pwa-caching.spec.ts" time="214.894">
<failure message="pwa-caching.spec.ts:55:3 should cache index.html in static cache" type="FAILURE">
<![CDATA[  [chromium] › tests\pwa-caching.spec.ts:55:3 › PWA Caching Strategy › should cache index.html in static cache 

    Error: expect(received).toBe(expected) // Object.is equality

    Expected: true
    Received: false

      66 |     });
      67 |     
    > 68 |     expect(indexCached).toBe(true);
         |                         ^
      69 |   });
      70 |
      71 |   test('should cache manifest.json in static cache', async ({ page }) => {
        at C:\Users\kay\Documents\Projects\pain-tracker\e2e\tests\pwa-caching.spec.ts:68:25

    attachment #1: video (video/webm) ──────────────────────────────────────────────────────────────
    ..\test-results\tests-pwa-caching-PWA-Cach-66c37--index-html-in-static-cache-chromium\video.webm
    ────────────────────────────────────────────────────────────────────────────────────────────────

    Error Context: ..\test-results\tests-pwa-caching-PWA-Cach-66c37--index-html-in-static-cache-chromium\error-context.md

    attachment #3: trace (application/zip) ─────────────────────────────────────────────────────────
    ..\test-results\tests-pwa-caching-PWA-Cach-66c37--index-html-in-static-cache-chromium\trace.zip
    Usage:

        npx playwright show-trace ..\test-results\tests-pwa-caching-PWA-Cach-66c37--index-html-in-static-cache-chromium\trace.zip

    ────────────────────────────────────────────────────────────────────────────────────────────────
]]>
</failure>
<system-out>
<![CDATA[[page] debug [vite] connecting...
[page] debug [vite] connected.
[page] info %cDownload the React DevTools for a better development experience: https://reactjs.org/link/react-devtools font-weight:bold
[page] log PWA: Initializing PWA Manager
[page] log i18next: languageChanged en-US
[page] log i18next: initialized {debug: true, initAsync: true, ns: Array(1), defaultNS: Array(1), fallbackLng: Array(1)}
[page] log [Dev] Available commands: window.resetPWA(), window.loadChronicPainTestData()
[page] log [Dev] Available commands: window.resetPWA(), window.loadChronicPainTestData()
[page] log PWA: Service Worker registered successfully ServiceWorkerRegistration
[page] log PWA: Background sync is supported
[page] log PWA: Offline storage initialized
[page] log PWA: Persistent storage: granted
[page] log [SW] registered /sw.js ServiceWorkerRegistration

[[ATTACHMENT|..\..\test-results\tests-pwa-caching-PWA-Cach-66c37--index-html-in-static-cache-chromium\video.webm]]

[[ATTACHMENT|..\..\test-results\tests-pwa-caching-PWA-Cach-66c37--index-html-in-static-cache-chromium\error-context.md]]

[[ATTACHMENT|..\..\test-results\tests-pwa-caching-PWA-Cach-66c37--index-html-in-static-cache-chromium\trace.zip]]
]]>
</system-out>
</testcase>
<testcase name="PWA Caching Strategy › should cache manifest.json in static cache" classname="tests\pwa-caching.spec.ts" time="217.393">
<failure message="pwa-caching.spec.ts:71:3 should cache manifest.json in static cache" type="FAILURE">
<![CDATA[  [chromium] › tests\pwa-caching.spec.ts:71:3 › PWA Caching Strategy › should cache manifest.json in static cache 

    Tearing down "context" exceeded the test timeout of 180000ms.

    attachment #1: screenshot (image/png) ──────────────────────────────────────────────────────────
    ..\test-results\tests-pwa-caching-PWA-Cach-19930-nifest-json-in-static-cache-chromium\test-failed-1.png
    ────────────────────────────────────────────────────────────────────────────────────────────────

    attachment #2: trace (application/zip) ─────────────────────────────────────────────────────────
    ..\test-results\tests-pwa-caching-PWA-Cach-19930-nifest-json-in-static-cache-chromium\trace.zip
    Usage:

        npx playwright show-trace ..\test-results\tests-pwa-caching-PWA-Cach-19930-nifest-json-in-static-cache-chromium\trace.zip

    ────────────────────────────────────────────────────────────────────────────────────────────────
]]>
</failure>
<system-out>
<![CDATA[
[[ATTACHMENT|..\..\test-results\tests-pwa-caching-PWA-Cach-19930-nifest-json-in-static-cache-chromium\test-failed-1.png]]

[[ATTACHMENT|..\..\test-results\tests-pwa-caching-PWA-Cach-19930-nifest-json-in-static-cache-chromium\trace.zip]]
]]>
</system-out>
</testcase>
<testcase name="PWA Caching Strategy › should cache offline.html in static cache" classname="tests\pwa-caching.spec.ts" time="135.075">
<failure message="pwa-caching.spec.ts:87:3 should cache offline.html in static cache" type="FAILURE">
<![CDATA[  [chromium] › tests\pwa-caching.spec.ts:87:3 › PWA Caching Strategy › should cache offline.html in static cache 

    Error: expect(received).toBe(expected) // Object.is equality

    Expected: true
    Received: false

       98 |     });
       99 |     
    > 100 |     expect(offlineCached).toBe(true);
          |                           ^
      101 |   });
      102 |
      103 |   test('should use correct cache version', async ({ page }) => {
        at C:\Users\kay\Documents\Projects\pain-tracker\e2e\tests\pwa-caching.spec.ts:100:27

    attachment #1: screenshot (image/png) ──────────────────────────────────────────────────────────
    ..\test-results\tests-pwa-caching-PWA-Cach-983ac-ffline-html-in-static-cache-chromium\test-failed-1.png
    ────────────────────────────────────────────────────────────────────────────────────────────────

    attachment #2: video (video/webm) ──────────────────────────────────────────────────────────────
    ..\test-results\tests-pwa-caching-PWA-Cach-983ac-ffline-html-in-static-cache-chromium\video.webm
    ────────────────────────────────────────────────────────────────────────────────────────────────

    Error Context: ..\test-results\tests-pwa-caching-PWA-Cach-983ac-ffline-html-in-static-cache-chromium\error-context.md

    attachment #4: trace (application/zip) ─────────────────────────────────────────────────────────
    ..\test-results\tests-pwa-caching-PWA-Cach-983ac-ffline-html-in-static-cache-chromium\trace.zip
    Usage:

        npx playwright show-trace ..\test-results\tests-pwa-caching-PWA-Cach-983ac-ffline-html-in-static-cache-chromium\trace.zip

    ────────────────────────────────────────────────────────────────────────────────────────────────
]]>
</failure>
<system-out>
<![CDATA[[page] debug [vite] connecting...
[page] debug [vite] connected.
[page] info %cDownload the React DevTools for a better development experience: https://reactjs.org/link/react-devtools font-weight:bold
[page] log PWA: Initializing PWA Manager
[page] log i18next: languageChanged en-US
[page] log i18next: initialized {debug: true, initAsync: true, ns: Array(1), defaultNS: Array(1), fallbackLng: Array(1)}
[page] log PWA: Service Worker registered successfully ServiceWorkerRegistration
[page] log PWA: Background sync is supported
[page] log [Dev] Available commands: window.resetPWA(), window.loadChronicPainTestData()
[page] log [Dev] Available commands: window.resetPWA(), window.loadChronicPainTestData()
[page] log [SW] registered /sw.js ServiceWorkerRegistration
[page] log PWA: Offline storage initialized
[page] log PWA: Persistent storage: granted
[page] error PWA: Failed to enable health data sync: UnknownError: Background Sync is disabled.
[page] error PWA: Failed to enable health data sync: UnknownError: Background Sync is disabled.

[[ATTACHMENT|..\..\test-results\tests-pwa-caching-PWA-Cach-983ac-ffline-html-in-static-cache-chromium\test-failed-1.png]]

[[ATTACHMENT|..\..\test-results\tests-pwa-caching-PWA-Cach-983ac-ffline-html-in-static-cache-chromium\video.webm]]

[[ATTACHMENT|..\..\test-results\tests-pwa-caching-PWA-Cach-983ac-ffline-html-in-static-cache-chromium\error-context.md]]

[[ATTACHMENT|..\..\test-results\tests-pwa-caching-PWA-Cach-983ac-ffline-html-in-static-cache-chromium\trace.zip]]
]]>
</system-out>
</testcase>
<testcase name="PWA Caching Strategy › should use correct cache version" classname="tests\pwa-caching.spec.ts" time="96.761">
<failure message="pwa-caching.spec.ts:103:3 should use correct cache version" type="FAILURE">
<![CDATA[  [chromium] › tests\pwa-caching.spec.ts:103:3 › PWA Caching Strategy › should use correct cache version 

    Error: expect(received).toBe(expected) // Object.is equality

    Expected: true
    Received: false

      109 |     // Should have v1.2 caches according to sw.js
      110 |     const hasV12 = cacheVersions.some(name => name.includes('v1.2'));
    > 111 |     expect(hasV12).toBe(true);
          |                    ^
      112 |   });
      113 |
      114 |   test('should not have old cache versions', async ({ page }) => {
        at C:\Users\kay\Documents\Projects\pain-tracker\e2e\tests\pwa-caching.spec.ts:111:20

    attachment #1: screenshot (image/png) ──────────────────────────────────────────────────────────
    ..\test-results\tests-pwa-caching-PWA-Cach-ad99c-d-use-correct-cache-version-chromium\test-failed-1.png
    ────────────────────────────────────────────────────────────────────────────────────────────────

    attachment #2: video (video/webm) ──────────────────────────────────────────────────────────────
    ..\test-results\tests-pwa-caching-PWA-Cach-ad99c-d-use-correct-cache-version-chromium\video.webm
    ────────────────────────────────────────────────────────────────────────────────────────────────

    Error Context: ..\test-results\tests-pwa-caching-PWA-Cach-ad99c-d-use-correct-cache-version-chromium\error-context.md

    attachment #4: trace (application/zip) ─────────────────────────────────────────────────────────
    ..\test-results\tests-pwa-caching-PWA-Cach-ad99c-d-use-correct-cache-version-chromium\trace.zip
    Usage:

        npx playwright show-trace ..\test-results\tests-pwa-caching-PWA-Cach-ad99c-d-use-correct-cache-version-chromium\trace.zip

    ────────────────────────────────────────────────────────────────────────────────────────────────
]]>
</failure>
<system-out>
<![CDATA[[page] debug [vite] connecting...
[page] debug [vite] connected.
[page] info %cDownload the React DevTools for a better development experience: https://reactjs.org/link/react-devtools font-weight:bold
[page] log PWA: Initializing PWA Manager
[page] log i18next: languageChanged en-US
[page] log i18next: initialized {debug: true, initAsync: true, ns: Array(1), defaultNS: Array(1), fallbackLng: Array(1)}
[page] log [Dev] Available commands: window.resetPWA(), window.loadChronicPainTestData()
[page] log [Dev] Available commands: window.resetPWA(), window.loadChronicPainTestData()
[page] log PWA: Service Worker registered successfully ServiceWorkerRegistration
[page] log PWA: Background sync is supported
[page] log PWA: Offline storage initialized
[page] log PWA: Persistent storage: granted
[page] error PWA: Failed to enable health data sync: UnknownError: Background Sync is disabled.
[page] error PWA: Failed to enable health data sync: UnknownError: Background Sync is disabled.
[page] log [SW] registered /sw.js ServiceWorkerRegistration

[[ATTACHMENT|..\..\test-results\tests-pwa-caching-PWA-Cach-ad99c-d-use-correct-cache-version-chromium\test-failed-1.png]]

[[ATTACHMENT|..\..\test-results\tests-pwa-caching-PWA-Cach-ad99c-d-use-correct-cache-version-chromium\video.webm]]

[[ATTACHMENT|..\..\test-results\tests-pwa-caching-PWA-Cach-ad99c-d-use-correct-cache-version-chromium\error-context.md]]

[[ATTACHMENT|..\..\test-results\tests-pwa-caching-PWA-Cach-ad99c-d-use-correct-cache-version-chromium\trace.zip]]
]]>
</system-out>
</testcase>
<testcase name="PWA Caching Strategy › should not have old cache versions" classname="tests\pwa-caching.spec.ts" time="82.326">
<system-out>
<![CDATA[[page] debug [vite] connecting...
[page] debug [vite] connected.
[page] info %cDownload the React DevTools for a better development experience: https://reactjs.org/link/react-devtools font-weight:bold
[page] log PWA: Initializing PWA Manager
[page] log i18next: languageChanged en-US
[page] log i18next: initialized {debug: true, initAsync: true, ns: Array(1), defaultNS: Array(1), fallbackLng: Array(1)}
[page] log PWA: Service Worker registered successfully ServiceWorkerRegistration
[page] log PWA: Background sync is supported
[page] log [Dev] Available commands: window.resetPWA(), window.loadChronicPainTestData()
[page] log [Dev] Available commands: window.resetPWA(), window.loadChronicPainTestData()
[page] log [SW] registered /sw.js ServiceWorkerRegistration
[page] log PWA: Offline storage initialized
[page] log PWA: Persistent storage: granted
[page] error PWA: Failed to enable health data sync: UnknownError: Background Sync is disabled.
[page] error PWA: Failed to enable health data sync: UnknownError: Background Sync is disabled.

[[ATTACHMENT|..\..\test-results\tests-pwa-caching-PWA-Cach-085cc-not-have-old-cache-versions-chromium\trace.zip]]
]]>
</system-out>
</testcase>
<testcase name="PWA Caching Strategy › should handle cache storage properly" classname="tests\pwa-caching.spec.ts" time="24.882">
<system-out>
<![CDATA[[page] debug [vite] connecting...
[page] debug [vite] connected.
[page] info %cDownload the React DevTools for a better development experience: https://reactjs.org/link/react-devtools font-weight:bold
[page] log PWA: Initializing PWA Manager
[page] log i18next: languageChanged en-US
[page] log i18next: initialized {debug: true, initAsync: true, ns: Array(1), defaultNS: Array(1), fallbackLng: Array(1)}
[page] log PWA: Service Worker registered successfully ServiceWorkerRegistration
[page] log PWA: Background sync is supported
[page] log [Dev] Available commands: window.resetPWA(), window.loadChronicPainTestData()
[page] log [Dev] Available commands: window.resetPWA(), window.loadChronicPainTestData()
[page] log PWA: Offline storage initialized
[page] log PWA: Persistent storage: granted
[page] error PWA: Failed to enable health data sync: UnknownError: Background Sync is disabled.
[page] error PWA: Failed to enable health data sync: UnknownError: Background Sync is disabled.
[page] log [SW] registered /sw.js ServiceWorkerRegistration

[[ATTACHMENT|..\..\test-results\tests-pwa-caching-PWA-Cach-7583b-ndle-cache-storage-properly-chromium\trace.zip]]
]]>
</system-out>
</testcase>
<testcase name="PWA Caching - Advanced › should serve cached responses when available" classname="tests\pwa-caching.spec.ts" time="118.991">
<failure message="pwa-caching.spec.ts:164:3 should serve cached responses when available" type="FAILURE">
<![CDATA[  [chromium] › tests\pwa-caching.spec.ts:164:3 › PWA Caching - Advanced › should serve cached responses when available 

    Error: expect(received).toBe(expected) // Object.is equality

    Expected: true
    Received: false

      180 |     });
      181 |     
    > 182 |     expect(wasCached).toBe(true);
          |                       ^
      183 |   });
      184 |
      185 |   test('should update dynamic cache with new requests', async ({ page }) => {
        at C:\Users\kay\Documents\Projects\pain-tracker\e2e\tests\pwa-caching.spec.ts:182:23

    attachment #1: screenshot (image/png) ──────────────────────────────────────────────────────────
    ..\test-results\tests-pwa-caching-PWA-Cach-006dc-ed-responses-when-available-chromium\test-failed-1.png
    ────────────────────────────────────────────────────────────────────────────────────────────────

    attachment #2: video (video/webm) ──────────────────────────────────────────────────────────────
    ..\test-results\tests-pwa-caching-PWA-Cach-006dc-ed-responses-when-available-chromium\video.webm
    ────────────────────────────────────────────────────────────────────────────────────────────────

    Error Context: ..\test-results\tests-pwa-caching-PWA-Cach-006dc-ed-responses-when-available-chromium\error-context.md

    attachment #4: trace (application/zip) ─────────────────────────────────────────────────────────
    ..\test-results\tests-pwa-caching-PWA-Cach-006dc-ed-responses-when-available-chromium\trace.zip
    Usage:

        npx playwright show-trace ..\test-results\tests-pwa-caching-PWA-Cach-006dc-ed-responses-when-available-chromium\trace.zip

    ────────────────────────────────────────────────────────────────────────────────────────────────
]]>
</failure>
<system-out>
<![CDATA[[page] debug [vite] connecting...
[page] debug [vite] connected.
[page] info %cDownload the React DevTools for a better development experience: https://reactjs.org/link/react-devtools font-weight:bold
[page] log PWA: Initializing PWA Manager
[page] log i18next: languageChanged en-US
[page] log i18next: initialized {debug: true, initAsync: true, ns: Array(1), defaultNS: Array(1), fallbackLng: Array(1)}
[page] log PWA: Service Worker registered successfully ServiceWorkerRegistration
[page] log PWA: Background sync is supported
[page] log [Dev] Available commands: window.resetPWA(), window.loadChronicPainTestData()
[page] log [Dev] Available commands: window.resetPWA(), window.loadChronicPainTestData()
[page] log [SW] registered /sw.js ServiceWorkerRegistration
[page] log PWA: Offline storage initialized
[page] log PWA: Persistent storage: granted
[page] error PWA: Failed to enable health data sync: UnknownError: Background Sync is disabled.
[page] error PWA: Failed to enable health data sync: UnknownError: Background Sync is disabled.

[[ATTACHMENT|..\..\test-results\tests-pwa-caching-PWA-Cach-006dc-ed-responses-when-available-chromium\test-failed-1.png]]

[[ATTACHMENT|..\..\test-results\tests-pwa-caching-PWA-Cach-006dc-ed-responses-when-available-chromium\video.webm]]

[[ATTACHMENT|..\..\test-results\tests-pwa-caching-PWA-Cach-006dc-ed-responses-when-available-chromium\error-context.md]]

[[ATTACHMENT|..\..\test-results\tests-pwa-caching-PWA-Cach-006dc-ed-responses-when-available-chromium\trace.zip]]
]]>
</system-out>
</testcase>
<testcase name="PWA Caching - Advanced › should update dynamic cache with new requests" classname="tests\pwa-caching.spec.ts" time="2.124">
<failure message="pwa-caching.spec.ts:185:3 should update dynamic cache with new requests" type="FAILURE">
<![CDATA[  [chromium] › tests\pwa-caching.spec.ts:185:3 › PWA Caching - Advanced › should update dynamic cache with new requests 

    Error: page.evaluate: ReferenceError: caches is not defined
        at eval (eval at evaluate (:291:30), <anonymous>:2:26)
        at UtilityScript.evaluate (<anonymous>:293:16)
        at UtilityScript.<anonymous> (<anonymous>:1:44)
        at eval (eval at evaluate (:291:30), <anonymous>:2:26)
        at UtilityScript.evaluate (<anonymous>:293:16)
        at UtilityScript.<anonymous> (<anonymous>:1:44)
        at C:\Users\kay\Documents\Projects\pain-tracker\e2e\tests\pwa-caching.spec.ts:187:36

    attachment #1: screenshot (image/png) ──────────────────────────────────────────────────────────
    ..\test-results\tests-pwa-caching-PWA-Cach-63abd-mic-cache-with-new-requests-chromium\test-failed-1.png
    ────────────────────────────────────────────────────────────────────────────────────────────────

    attachment #2: video (video/webm) ──────────────────────────────────────────────────────────────
    ..\test-results\tests-pwa-caching-PWA-Cach-63abd-mic-cache-with-new-requests-chromium\video.webm
    ────────────────────────────────────────────────────────────────────────────────────────────────

    attachment #3: trace (application/zip) ─────────────────────────────────────────────────────────
    ..\test-results\tests-pwa-caching-PWA-Cach-63abd-mic-cache-with-new-requests-chromium\trace.zip
    Usage:

        npx playwright show-trace ..\test-results\tests-pwa-caching-PWA-Cach-63abd-mic-cache-with-new-requests-chromium\trace.zip

    ────────────────────────────────────────────────────────────────────────────────────────────────
]]>
</failure>
<system-out>
<![CDATA[
[[ATTACHMENT|..\..\test-results\tests-pwa-caching-PWA-Cach-63abd-mic-cache-with-new-requests-chromium\test-failed-1.png]]

[[ATTACHMENT|..\..\test-results\tests-pwa-caching-PWA-Cach-63abd-mic-cache-with-new-requests-chromium\video.webm]]

[[ATTACHMENT|..\..\test-results\tests-pwa-caching-PWA-Cach-63abd-mic-cache-with-new-requests-chromium\trace.zip]]
]]>
</system-out>
</testcase>
<testcase name="PWA Caching - Advanced › should handle cache quota management" classname="tests\pwa-caching.spec.ts" time="1.526">
<system-out>
<![CDATA[
[[ATTACHMENT|..\..\test-results\tests-pwa-caching-PWA-Cach-2587e-ndle-cache-quota-management-chromium\trace.zip]]
]]>
</system-out>
</testcase>
<testcase name="PWA Caching - Advanced › should implement cache-first strategy for static assets" classname="tests\pwa-caching.spec.ts" time="2.081">
<failure message="pwa-caching.spec.ts:240:3 should implement cache-first strategy for static assets" type="FAILURE">
<![CDATA[  [chromium] › tests\pwa-caching.spec.ts:240:3 › PWA Caching - Advanced › should implement cache-first strategy for static assets 

    Error: page.evaluate: ReferenceError: caches is not defined
        at eval (eval at evaluate (:291:30), <anonymous>:2:26)
        at UtilityScript.evaluate (<anonymous>:293:16)
        at UtilityScript.<anonymous> (<anonymous>:1:44)
        at eval (eval at evaluate (:291:30), <anonymous>:2:26)
        at UtilityScript.evaluate (<anonymous>:293:16)
        at UtilityScript.<anonymous> (<anonymous>:1:44)
        at C:\Users\kay\Documents\Projects\pain-tracker\e2e\tests\pwa-caching.spec.ts:242:43

    attachment #1: screenshot (image/png) ──────────────────────────────────────────────────────────
    ..\test-results\tests-pwa-caching-PWA-Cach-7deb4--strategy-for-static-assets-chromium\test-failed-1.png
    ────────────────────────────────────────────────────────────────────────────────────────────────

    attachment #2: video (video/webm) ──────────────────────────────────────────────────────────────
    ..\test-results\tests-pwa-caching-PWA-Cach-7deb4--strategy-for-static-assets-chromium\video.webm
    ────────────────────────────────────────────────────────────────────────────────────────────────

    attachment #3: trace (application/zip) ─────────────────────────────────────────────────────────
    ..\test-results\tests-pwa-caching-PWA-Cach-7deb4--strategy-for-static-assets-chromium\trace.zip
    Usage:

        npx playwright show-trace ..\test-results\tests-pwa-caching-PWA-Cach-7deb4--strategy-for-static-assets-chromium\trace.zip

    ────────────────────────────────────────────────────────────────────────────────────────────────
]]>
</failure>
<system-out>
<![CDATA[
[[ATTACHMENT|..\..\test-results\tests-pwa-caching-PWA-Cach-7deb4--strategy-for-static-assets-chromium\test-failed-1.png]]

[[ATTACHMENT|..\..\test-results\tests-pwa-caching-PWA-Cach-7deb4--strategy-for-static-assets-chromium\video.webm]]

[[ATTACHMENT|..\..\test-results\tests-pwa-caching-PWA-Cach-7deb4--strategy-for-static-assets-chromium\trace.zip]]
]]>
</system-out>
</testcase>
<testcase name="PWA Caching - Advanced › should handle concurrent cache operations" classname="tests\pwa-caching.spec.ts" time="1.694">
<failure message="pwa-caching.spec.ts:264:3 should handle concurrent cache operations" type="FAILURE">
<![CDATA[  [chromium] › tests\pwa-caching.spec.ts:264:3 › PWA Caching - Advanced › should handle concurrent cache operations 

    Error: expect(received).toBe(expected) // Object.is equality

    Expected: true
    Received: false

      291 |     });
      292 |     
    > 293 |     expect(concurrentOps.success).toBe(true);
          |                                   ^
      294 |     expect(concurrentOps.allMatched).toBe(true);
      295 |   });
      296 | });
        at C:\Users\kay\Documents\Projects\pain-tracker\e2e\tests\pwa-caching.spec.ts:293:35

    attachment #1: screenshot (image/png) ──────────────────────────────────────────────────────────
    ..\test-results\tests-pwa-caching-PWA-Cach-f848e-concurrent-cache-operations-chromium\test-failed-1.png
    ────────────────────────────────────────────────────────────────────────────────────────────────

    attachment #2: video (video/webm) ──────────────────────────────────────────────────────────────
    ..\test-results\tests-pwa-caching-PWA-Cach-f848e-concurrent-cache-operations-chromium\video.webm
    ────────────────────────────────────────────────────────────────────────────────────────────────

    attachment #3: trace (application/zip) ─────────────────────────────────────────────────────────
    ..\test-results\tests-pwa-caching-PWA-Cach-f848e-concurrent-cache-operations-chromium\trace.zip
    Usage:

        npx playwright show-trace ..\test-results\tests-pwa-caching-PWA-Cach-f848e-concurrent-cache-operations-chromium\trace.zip

    ────────────────────────────────────────────────────────────────────────────────────────────────
]]>
</failure>
<system-out>
<![CDATA[
[[ATTACHMENT|..\..\test-results\tests-pwa-caching-PWA-Cach-f848e-concurrent-cache-operations-chromium\test-failed-1.png]]

[[ATTACHMENT|..\..\test-results\tests-pwa-caching-PWA-Cach-f848e-concurrent-cache-operations-chromium\video.webm]]

[[ATTACHMENT|..\..\test-results\tests-pwa-caching-PWA-Cach-f848e-concurrent-cache-operations-chromium\trace.zip]]
]]>
</system-out>
</testcase>
</testsuite>
<testsuite name="tests\pwa-install.spec.ts" timestamp="2025-12-06T06:52:59.887Z" hostname="chromium" tests="12" failures="1" skipped="1" time="1788.788" errors="0">
<testcase name="PWA Install Prompt (Add to Home Screen) › should have valid web app manifest" classname="tests\pwa-install.spec.ts" time="114.998">
<system-out>
<![CDATA[[page] debug [vite] connecting...
[page] debug [vite] connected.
[page] info %cDownload the React DevTools for a better development experience: https://reactjs.org/link/react-devtools font-weight:bold
[page] log PWA: Initializing PWA Manager
[page] log i18next: languageChanged en-US
[page] log i18next: initialized {debug: true, initAsync: true, ns: Array(1), defaultNS: Array(1), fallbackLng: Array(1)}
[page] log [Dev] Available commands: window.resetPWA(), window.loadChronicPainTestData()
[page] log [Dev] Available commands: window.resetPWA(), window.loadChronicPainTestData()
[page] log PWA: Service Worker registered successfully ServiceWorkerRegistration
[page] log PWA: Background sync is supported
[page] log PWA: Offline storage initialized
[page] log PWA: Persistent storage: granted
[page] log [SW] registered /sw.js ServiceWorkerRegistration

[[ATTACHMENT|..\..\test-results\tests-pwa-install-PWA-Inst-199cf-have-valid-web-app-manifest-chromium\trace.zip]]
]]>
</system-out>
</testcase>
<testcase name="PWA Install Prompt (Add to Home Screen) › should load manifest.json successfully" classname="tests\pwa-install.spec.ts" time="108.302">
<system-out>
<![CDATA[[page] debug [vite] connecting...
[page] debug [vite] connected.
[page] info %cDownload the React DevTools for a better development experience: https://reactjs.org/link/react-devtools font-weight:bold
[page] log PWA: Initializing PWA Manager
[page] log i18next: languageChanged en-US
[page] log i18next: initialized {debug: true, initAsync: true, ns: Array(1), defaultNS: Array(1), fallbackLng: Array(1)}
[page] log PWA: Service Worker registered successfully ServiceWorkerRegistration
[page] log PWA: Background sync is supported
[page] log [Dev] Available commands: window.resetPWA(), window.loadChronicPainTestData()
[page] log [Dev] Available commands: window.resetPWA(), window.loadChronicPainTestData()
[page] log [SW] registered /sw.js ServiceWorkerRegistration
[page] log PWA: Offline storage initialized
[page] log PWA: Persistent storage: granted
[page] error PWA: Failed to enable health data sync: UnknownError: Background Sync is disabled.
[page] error PWA: Failed to enable health data sync: UnknownError: Background Sync is disabled.

[[ATTACHMENT|..\..\test-results\tests-pwa-install-PWA-Inst-8b775--manifest-json-successfully-chromium\trace.zip]]
]]>
</system-out>
</testcase>
<testcase name="PWA Install Prompt (Add to Home Screen) › should have correct manifest properties" classname="tests\pwa-install.spec.ts" time="83.385">
<system-out>
<![CDATA[[page] debug [vite] connecting...
[page] debug [vite] connected.
[page] info %cDownload the React DevTools for a better development experience: https://reactjs.org/link/react-devtools font-weight:bold
[page] log PWA: Initializing PWA Manager
[page] log i18next: languageChanged en-US
[page] log i18next: initialized {debug: true, initAsync: true, ns: Array(1), defaultNS: Array(1), fallbackLng: Array(1)}
[page] log PWA: Service Worker registered successfully ServiceWorkerRegistration
[page] log PWA: Background sync is supported
[page] log [Dev] Available commands: window.resetPWA(), window.loadChronicPainTestData()
[page] log [Dev] Available commands: window.resetPWA(), window.loadChronicPainTestData()
[page] log [SW] registered /sw.js ServiceWorkerRegistration
[page] log PWA: Offline storage initialized
[page] log PWA: Persistent storage: granted
[page] error PWA: Failed to enable health data sync: UnknownError: Background Sync is disabled.
[page] error PWA: Failed to enable health data sync: UnknownError: Background Sync is disabled.

[[ATTACHMENT|..\..\test-results\tests-pwa-install-PWA-Inst-0b34f-correct-manifest-properties-chromium\trace.zip]]
]]>
</system-out>
</testcase>
<testcase name="PWA Install Prompt (Add to Home Screen) › should have proper icon sizes" classname="tests\pwa-install.spec.ts" time="136.84">
<system-out>
<![CDATA[[page] debug [vite] connecting...
[page] debug [vite] connected.
[page] info %cDownload the React DevTools for a better development experience: https://reactjs.org/link/react-devtools font-weight:bold
[page] log PWA: Initializing PWA Manager
[page] log i18next: languageChanged en-US
[page] log i18next: initialized {debug: true, initAsync: true, ns: Array(1), defaultNS: Array(1), fallbackLng: Array(1)}
[page] log PWA: Service Worker registered successfully ServiceWorkerRegistration
[page] log PWA: Background sync is supported
[page] log [Dev] Available commands: window.resetPWA(), window.loadChronicPainTestData()
[page] log [Dev] Available commands: window.resetPWA(), window.loadChronicPainTestData()
[page] log [SW] registered /sw.js ServiceWorkerRegistration
[page] log PWA: Offline storage initialized
[page] log PWA: Persistent storage: granted
[page] error PWA: Failed to enable health data sync: UnknownError: Background Sync is disabled.
[page] error PWA: Failed to enable health data sync: UnknownError: Background Sync is disabled.

[[ATTACHMENT|..\..\test-results\tests-pwa-install-PWA-Inst-d8874-ould-have-proper-icon-sizes-chromium\trace.zip]]
]]>
</system-out>
</testcase>
<testcase name="PWA Install Prompt (Add to Home Screen) › should support PWA installability criteria" classname="tests\pwa-install.spec.ts" time="150.272">
<system-out>
<![CDATA[[page] debug [vite] connecting...
[page] debug [vite] connected.
[page] info %cDownload the React DevTools for a better development experience: https://reactjs.org/link/react-devtools font-weight:bold
[page] log PWA: Initializing PWA Manager
[page] log i18next: languageChanged en-US
[page] log i18next: initialized {debug: true, initAsync: true, ns: Array(1), defaultNS: Array(1), fallbackLng: Array(1)}
[page] log PWA: Service Worker registered successfully ServiceWorkerRegistration
[page] log PWA: Background sync is supported
[page] log [Dev] Available commands: window.resetPWA(), window.loadChronicPainTestData()
[page] log [Dev] Available commands: window.resetPWA(), window.loadChronicPainTestData()
[page] log [SW] registered /sw.js ServiceWorkerRegistration
[page] log PWA: Offline storage initialized
[page] log PWA: Persistent storage: granted
[page] error PWA: Failed to enable health data sync: UnknownError: Background Sync is disabled.
[page] error PWA: Failed to enable health data sync: UnknownError: Background Sync is disabled.

[[ATTACHMENT|..\..\test-results\tests-pwa-install-PWA-Inst-721d3-PWA-installability-criteria-chromium\trace.zip]]
]]>
</system-out>
</testcase>
<testcase name="PWA Install Prompt (Add to Home Screen) › should handle beforeinstallprompt event (Chromium only)" classname="tests\pwa-install.spec.ts" time="115.656">
<system-out>
<![CDATA[[page] debug [vite] connecting...
[page] debug [vite] connected.
[page] info %cDownload the React DevTools for a better development experience: https://reactjs.org/link/react-devtools font-weight:bold
[page] log PWA: Initializing PWA Manager
[page] log i18next: languageChanged en-US
[page] log i18next: initialized {debug: true, initAsync: true, ns: Array(1), defaultNS: Array(1), fallbackLng: Array(1)}
[page] log [Dev] Available commands: window.resetPWA(), window.loadChronicPainTestData()
[page] log [Dev] Available commands: window.resetPWA(), window.loadChronicPainTestData()
[page] log PWA: Service Worker registered successfully ServiceWorkerRegistration
[page] log PWA: Background sync is supported
[page] log [SW] registered /sw.js ServiceWorkerRegistration
[page] log PWA: Offline storage initialized
[page] log PWA: Persistent storage: granted

[[ATTACHMENT|..\..\test-results\tests-pwa-install-PWA-Inst-c5fc4-prompt-event-Chromium-only--chromium\trace.zip]]
]]>
</system-out>
</testcase>
<testcase name="PWA Install Prompt (Add to Home Screen) › should have display mode metadata" classname="tests\pwa-install.spec.ts" time="127.002">
<system-out>
<![CDATA[[page] debug [vite] connecting...
[page] debug [vite] connected.
[page] info %cDownload the React DevTools for a better development experience: https://reactjs.org/link/react-devtools font-weight:bold
[page] log PWA: Initializing PWA Manager
[page] log i18next: languageChanged en-US
[page] log i18next: initialized {debug: true, initAsync: true, ns: Array(1), defaultNS: Array(1), fallbackLng: Array(1)}
[page] log [Dev] Available commands: window.resetPWA(), window.loadChronicPainTestData()
[page] log [Dev] Available commands: window.resetPWA(), window.loadChronicPainTestData()
[page] log PWA: Service Worker registered successfully ServiceWorkerRegistration
[page] log PWA: Background sync is supported
[page] log PWA: Offline storage initialized
[page] log PWA: Persistent storage: granted
[page] log [SW] registered /sw.js ServiceWorkerRegistration

[[ATTACHMENT|..\..\test-results\tests-pwa-install-PWA-Inst-45807--have-display-mode-metadata-chromium\trace.zip]]
]]>
</system-out>
</testcase>
<testcase name="PWA Install Prompt (Add to Home Screen) › should have proper theme color meta tag" classname="tests\pwa-install.spec.ts" time="210.799">
<system-out>
<![CDATA[[page] debug [vite] connecting...
[page] debug [vite] connected.
[page] info %cDownload the React DevTools for a better development experience: https://reactjs.org/link/react-devtools font-weight:bold
[page] log PWA: Initializing PWA Manager
[page] log i18next: languageChanged en-US
[...]

    attachment #4: trace (application/zip) ─────────────────────────────────────────────────────────
    ..\test-results\tests-pwa-service-worker-P-c682c-date-service-worker-version-chromium\trace.zip
    Usage:

        npx playwright show-trace ..\test-results\tests-pwa-service-worker-P-c682c-date-service-worker-version-chromium\trace.zip

    ────────────────────────────────────────────────────────────────────────────────────────────────
]]>
</failure>
<system-out>
<![CDATA[
[[ATTACHMENT|..\..\test-results\tests-pwa-service-worker-P-c682c-date-service-worker-version-chromium\test-failed-1.png]]

[[ATTACHMENT|..\..\test-results\tests-pwa-service-worker-P-c682c-date-service-worker-version-chromium\video.webm]]

[[ATTACHMENT|..\..\test-results\tests-pwa-service-worker-P-c682c-date-service-worker-version-chromium\error-context.md]]

[[ATTACHMENT|..\..\test-results\tests-pwa-service-worker-P-c682c-date-service-worker-version-chromium\trace.zip]]
]]>
</system-out>
</testcase>
<testcase name="PWA Service Worker › should handle service worker errors gracefully" classname="tests\pwa-service-worker.spec.ts" time="43.394">
<system-out>
<![CDATA[[page] debug [vite] connecting...
[page] debug [vite] connected.
[page] info %cDownload the React DevTools for a better development experience: https://reactjs.org/link/react-devtools font-weight:bold
[page] log PWA: Initializing PWA Manager
[page] log i18next: languageChanged en-US
[page] log i18next: initialized {debug: true, initAsync: true, ns: Array(1), defaultNS: Array(1), fallbackLng: Array(1)}
[page] log PWA: Service Worker registered successfully ServiceWorkerRegistration
[page] log PWA: Background sync is supported
[page] log [Dev] Available commands: window.resetPWA(), window.loadChronicPainTestData()
[page] log [Dev] Available commands: window.resetPWA(), window.loadChronicPainTestData()
[page] log [SW] registered /sw.js ServiceWorkerRegistration
[page] log PWA: Offline storage initialized
[page] log PWA: Persistent storage: granted
[page] error PWA: Failed to enable health data sync: UnknownError: Background Sync is disabled.
[page] error PWA: Failed to enable health data sync: UnknownError: Background Sync is disabled.

[[ATTACHMENT|..\..\test-results\tests-pwa-service-worker-P-f6ff2-ce-worker-errors-gracefully-chromium\trace.zip]]
]]>
</system-out>
</testcase>
<testcase name="PWA Service Worker › should clean up old caches on activation" classname="tests\pwa-service-worker.spec.ts" time="182.464">
<failure message="pwa-service-worker.spec.ts:293:3 should clean up old caches on activation" type="FAILURE">
<![CDATA[  [chromium] › tests\pwa-service-worker.spec.ts:293:3 › PWA Service Worker › should clean up old caches on activation 

    Test timeout of 180000ms exceeded.

    Error: Page closed while waiting for service worker

      102 |     } catch (err) {
      103 |       if (attempt === retries) throw new Error(`Service worker never became ready: ${err?.message || err}`);
    > 104 |       if (page.isClosed()) throw new Error('Page closed while waiting for service worker');
          |                                  ^
      105 |       await safeWaitForTimeout(page, 2000);
      106 |     }
      107 |   }
        at waitForServiceWorker (C:\Users\kay\Documents\Projects\pain-tracker\e2e\tests\pwa-service-worker.spec.ts:104:34)
        at C:\Users\kay\Documents\Projects\pain-tracker\e2e\tests\pwa-service-worker.spec.ts:295:5

    attachment #1: screenshot (image/png) ──────────────────────────────────────────────────────────
    ..\test-results\tests-pwa-service-worker-P-f49b4-up-old-caches-on-activation-chromium\test-failed-1.png
    ────────────────────────────────────────────────────────────────────────────────────────────────

    attachment #2: video (video/webm) ──────────────────────────────────────────────────────────────
    ..\test-results\tests-pwa-service-worker-P-f49b4-up-old-caches-on-activation-chromium\video.webm
    ────────────────────────────────────────────────────────────────────────────────────────────────

    Error Context: ..\test-results\tests-pwa-service-worker-P-f49b4-up-old-caches-on-activation-chromium\error-context.md

    attachment #4: trace (application/zip) ─────────────────────────────────────────────────────────
    ..\test-results\tests-pwa-service-worker-P-f49b4-up-old-caches-on-activation-chromium\trace.zip
    Usage:

        npx playwright show-trace ..\test-results\tests-pwa-service-worker-P-f49b4-up-old-caches-on-activation-chromium\trace.zip

    ────────────────────────────────────────────────────────────────────────────────────────────────
]]>
</failure>
<system-out>
<![CDATA[[page] debug [vite] connecting...
[page] debug [vite] connected.
[page] info %cDownload the React DevTools for a better development experience: https://reactjs.org/link/react-devtools font-weight:bold
[page] log PWA: Initializing PWA Manager
[page] log i18next: languageChanged en-US
[page] log i18next: initialized {debug: true, initAsync: true, ns: Array(1), defaultNS: Array(1), fallbackLng: Array(1)}
[page] log PWA: Service Worker registered successfully ServiceWorkerRegistration
[page] log PWA: Background sync is supported
[page] log [Dev] Available commands: window.resetPWA(), window.loadChronicPainTestData()
[page] log [Dev] Available commands: window.resetPWA(), window.loadChronicPainTestData()
[page] log [SW] registered /sw.js ServiceWorkerRegistration
[page] log PWA: Offline storage initialized
[page] log PWA: Persistent storage: granted
[page] error PWA: Failed to enable health data sync: UnknownError: Background Sync is disabled.
[page] error PWA: Failed to enable health data sync: UnknownError: Background Sync is disabled.

[[ATTACHMENT|..\..\test-results\tests-pwa-service-worker-P-f49b4-up-old-caches-on-activation-chromium\test-failed-1.png]]

[[ATTACHMENT|..\..\test-results\tests-pwa-service-worker-P-f49b4-up-old-caches-on-activation-chromium\video.webm]]

[[ATTACHMENT|..\..\test-results\tests-pwa-service-worker-P-f49b4-up-old-caches-on-activation-chromium\error-context.md]]

[[ATTACHMENT|..\..\test-results\tests-pwa-service-worker-P-f49b4-up-old-caches-on-activation-chromium\trace.zip]]
]]>
</system-out>
</testcase>
<testcase name="PWA Service Worker - Advanced Features › should support skipWaiting for immediate activation" classname="tests\pwa-service-worker.spec.ts" time="360.061">
<failure message="pwa-service-worker.spec.ts:314:3 should support skipWaiting for immediate activation" type="FAILURE">
<![CDATA[  [chromium] › tests\pwa-service-worker.spec.ts:314:3 › PWA Service Worker - Advanced Features › should support skipWaiting for immediate activation 

    Test timeout of 180000ms exceeded.

    Tearing down "context" exceeded the test timeout of 180000ms.

    Error: Page closed while waiting for service worker

      102 |     } catch (err) {
      103 |       if (attempt === retries) throw new Error(`Service worker never became ready: ${err?.message || err}`);
    > 104 |       if (page.isClosed()) throw new Error('Page closed while waiting for service worker');
          |                                  ^
      105 |       await safeWaitForTimeout(page, 2000);
      106 |     }
      107 |   }
        at waitForServiceWorker (C:\Users\kay\Documents\Projects\pain-tracker\e2e\tests\pwa-service-worker.spec.ts:104:34)
        at C:\Users\kay\Documents\Projects\pain-tracker\e2e\tests\pwa-service-worker.spec.ts:321:5

    Error: browserContext.close: Target page, context or browser has been closed

    Error Context: ..\test-results\tests-pwa-service-worker-P-b4c1f-ng-for-immediate-activation-chromium\error-context.md

    attachment #2: trace (application/zip) ─────────────────────────────────────────────────────────
    ..\test-results\tests-pwa-service-worker-P-b4c1f-ng-for-immediate-activation-chromium\trace.zip
    Usage:

        npx playwright show-trace ..\test-results\tests-pwa-service-worker-P-b4c1f-ng-for-immediate-activation-chromium\trace.zip

    ────────────────────────────────────────────────────────────────────────────────────────────────
]]>
</failure>
<system-out>
<![CDATA[
[[ATTACHMENT|..\..\test-results\tests-pwa-service-worker-P-b4c1f-ng-for-immediate-activation-chromium\error-context.md]]

[[ATTACHMENT|..\..\test-results\tests-pwa-service-worker-P-b4c1f-ng-for-immediate-activation-chromium\trace.zip]]
]]>
</system-out>
</testcase>
<testcase name="PWA Service Worker - Advanced Features › should claim clients immediately on activation" classname="tests\pwa-service-worker.spec.ts" time="360.79">
<failure message="pwa-service-worker.spec.ts:332:3 should claim clients immediately on activation" type="FAILURE">
<![CDATA[  [chromium] › tests\pwa-service-worker.spec.ts:332:3 › PWA Service Worker - Advanced Features › should claim clients immediately on activation 

    Test timeout of 180000ms exceeded.

    Error: Page closed while waiting for service worker

      102 |     } catch (err) {
      103 |       if (attempt === retries) throw new Error(`Service worker never became ready: ${err?.message || err}`);
    > 104 |       if (page.isClosed()) throw new Error('Page closed while waiting for service worker');
          |                                  ^
      105 |       await safeWaitForTimeout(page, 2000);
      106 |     }
      107 |   }
        at waitForServiceWorker (C:\Users\kay\Documents\Projects\pain-tracker\e2e\tests\pwa-service-worker.spec.ts:104:34)
        at C:\Users\kay\Documents\Projects\pain-tracker\e2e\tests\pwa-service-worker.spec.ts:339:5

    Tearing down "context" exceeded the test timeout of 180000ms.

    attachment #1: screenshot (image/png) ──────────────────────────────────────────────────────────
    ..\test-results\tests-pwa-service-worker-P-886d9-s-immediately-on-activation-chromium\test-failed-1.png
    ────────────────────────────────────────────────────────────────────────────────────────────────

    Error Context: ..\test-results\tests-pwa-service-worker-P-886d9-s-immediately-on-activation-chromium\error-context.md

    attachment #3: trace (application/zip) ─────────────────────────────────────────────────────────
    ..\test-results\tests-pwa-service-worker-P-886d9-s-immediately-on-activation-chromium\trace.zip
    Usage:

        npx playwright show-trace ..\test-results\tests-pwa-service-worker-P-886d9-s-immediately-on-activation-chromium\trace.zip

    ────────────────────────────────────────────────────────────────────────────────────────────────
]]>
</failure>
<system-out>
<![CDATA[
[[ATTACHMENT|..\..\test-results\tests-pwa-service-worker-P-886d9-s-immediately-on-activation-chromium\test-failed-1.png]]

[[ATTACHMENT|..\..\test-results\tests-pwa-service-worker-P-886d9-s-immediately-on-activation-chromium\error-context.md]]

[[ATTACHMENT|..\..\test-results\tests-pwa-service-worker-P-886d9-s-immediately-on-activation-chromium\trace.zip]]
]]>
</system-out>
</testcase>
</testsuite>
<testsuite name="tests\submit-story.spec.ts" timestamp="2025-12-06T06:52:59.887Z" hostname="chromium" tests="1" failures="1" skipped="0" time="12.971" errors="0">
<testcase name="submit story flow" classname="tests\submit-story.spec.ts" time="12.971">
<failure message="submit-story.spec.ts:3:1 submit story flow" type="FAILURE">
<![CDATA[  [chromium] › tests\submit-story.spec.ts:3:1 › submit story flow ──────────────────────────────────

    Error: expect(locator).toHaveText(expected) failed

    Locator: locator('h1')
    Expected pattern: /Share your story/
    Received string:  "Share Your Story"
    Timeout: 5000ms

    Call log:
      - Expect "toHaveText" with timeout 5000ms
      - waiting for locator('h1')
        8 × locator resolved to <h1 class="text-3xl font-bold text-white mb-3">Share Your Story</h1>
          - unexpected value "Share Your Story"


      3 | test('submit story flow', async ({ page }) => {
      4 |   await page.goto('/submit-story');
    > 5 |   await expect(page.locator('h1')).toHaveText(/Share your story/);
        |                                    ^
      6 |
      7 |   await page.fill('[id=submit-story-text]', 'This is an e2e test story');
      8 |   await page.check('text=I consent to my story');
        at C:\Users\kay\Documents\Projects\pain-tracker\e2e\tests\submit-story.spec.ts:5:36

    attachment #1: screenshot (image/png) ──────────────────────────────────────────────────────────
    ..\test-results\tests-submit-story-submit-story-flow-chromium\test-failed-1.png
    ────────────────────────────────────────────────────────────────────────────────────────────────

    attachment #2: video (video/webm) ──────────────────────────────────────────────────────────────
    ..\test-results\tests-submit-story-submit-story-flow-chromium\video.webm
    ────────────────────────────────────────────────────────────────────────────────────────────────

    Error Context: ..\test-results\tests-submit-story-submit-story-flow-chromium\error-context.md

    attachment #4: trace (application/zip) ─────────────────────────────────────────────────────────
    ..\test-results\tests-submit-story-submit-story-flow-chromium\trace.zip
    Usage:

        npx playwright show-trace ..\test-results\tests-submit-story-submit-story-flow-chromium\trace.zip

    ────────────────────────────────────────────────────────────────────────────────────────────────
]]>
</failure>
<system-out>
<![CDATA[[page] debug [vite] connecting...
[page] debug [vite] connected.
[page] info %cDownload the React DevTools for a better development experience: https://reactjs.org/link/react-devtools font-weight:bold
[page] log PWA: Initializing PWA Manager
[page] log i18next: languageChanged en-US
[page] log i18next: initialized {debug: true, initAsync: true, ns: Array(1), defaultNS: Array(1), fallbackLng: Array(1)}
[page] log PWA: Service Worker registered successfully ServiceWorkerRegistration
[page] log PWA: Background sync is supported
[page] log [Dev] Available commands: window.resetPWA(), window.loadChronicPainTestData()
[page] log [Dev] Available commands: window.resetPWA(), window.loadChronicPainTestData()
[page] error The script has an unsupported MIME type ('text/html').
[page] warning [SW] registration failed for /submit-story/sw.js Failed to register a ServiceWorker for scope ('http://localhost:3000/submit-story/') with script ('http://localhost:3000/submit-story/sw.js'): The script has an unsupported MIME type ('text/html').
[page] log PWA: Offline storage initialized
[page] log PWA: Persistent storage: granted
[page] error PWA: Failed to enable health data sync: UnknownError: Background Sync is disabled.
[page] error PWA: Failed to enable health data sync: UnknownError: Background Sync is disabled.
[page] log [SW] registered ./sw.js ServiceWorkerRegistration
[page] warning Input missing label: JSHandle@node
[page] warning Input missing label: JSHandle@node
[page] warning Input missing label: JSHandle@node
[page] warning Input missing label: JSHandle@node

[[ATTACHMENT|..\..\test-results\tests-submit-story-submit-story-flow-chromium\test-failed-1.png]]

[[ATTACHMENT|..\..\test-results\tests-submit-story-submit-story-flow-chromium\video.webm]]

[[ATTACHMENT|..\..\test-results\tests-submit-story-submit-story-flow-chromium\error-context.md]]

[[ATTACHMENT|..\..\test-results\tests-submit-story-submit-story-flow-chromium\trace.zip]]
]]>
</system-out>
</testcase>
</testsuite>
<testsuite name="tests\testimonials.publish.spec.ts" timestamp="2025-12-06T06:52:59.887Z" hostname="chromium" tests="1" failures="1" skipped="0" time="198.4" errors="0">
<testcase name="submit -&gt; admin verify -&gt; public publish flow" classname="tests\testimonials.publish.spec.ts" time="198.4">
<failure message="testimonials.publish.spec.ts:3:1 submit -&gt; admin verify -&gt; public publish flow" type="FAILURE">
<![CDATA[  [chromium] › tests\testimonials.publish.spec.ts:3:1 › submit -> admin verify -> public publish flow 

    Test timeout of 180000ms exceeded.

    Error: page.fill: Test timeout of 180000ms exceeded.
    Call log:
      - waiting for locator('[id=submit-story-text]')


      16 |
      17 |   await page.goto('/submit-story');
    > 18 |   await page.fill('[id=submit-story-text]', quote);
         |              ^
      19 |   // The consent label may be long; choose the checkbox by selector (the second checkbox) to ensure consent
      20 |   const checkboxes = page.locator('input[type=checkbox]');
      21 |   await checkboxes.nth(1).check();
        at C:\Users\kay\Documents\Projects\pain-tracker\e2e\tests\testimonials.publish.spec.ts:18:14

    attachment #1: screenshot (image/png) ──────────────────────────────────────────────────────────
    ..\test-results\tests-testimonials.publish-e7f86-erify---public-publish-flow-chromium\test-failed-1.png
    ────────────────────────────────────────────────────────────────────────────────────────────────

    attachment #2: video (video/webm) ──────────────────────────────────────────────────────────────
    ..\test-results\tests-testimonials.publish-e7f86-erify---public-publish-flow-chromium\video.webm
    ────────────────────────────────────────────────────────────────────────────────────────────────

    Error Context: ..\test-results\tests-testimonials.publish-e7f86-erify---public-publish-flow-chromium\error-context.md

    attachment #4: trace (application/zip) ─────────────────────────────────────────────────────────
    ..\test-results\tests-testimonials.publish-e7f86-erify---public-publish-flow-chromium\trace.zip
    Usage:

        npx playwright show-trace ..\test-results\tests-testimonials.publish-e7f86-erify---public-publish-flow-chromium\trace.zip

    ────────────────────────────────────────────────────────────────────────────────────────────────
]]>
</failure>
<system-out>
<![CDATA[[page] debug [vite] connecting...
[page] debug [vite] connected.
[page] info %cDownload the React DevTools for a better development experience: https://reactjs.org/link/react-devtools font-weight:bold
[page] log PWA: Initializing PWA Manager
[page] log i18next: languageChanged en-US
[page] log i18next: initialized {debug: true, initAsync: true, ns: Array(1), defaultNS: Array(1), fallbackLng: Array(1)}
[page] log PWA: Service Worker registered successfully ServiceWorkerRegistration
[page] log PWA: Background sync is supported
[page] log [Dev] Available commands: window.resetPWA(), window.loadChronicPainTestData()
[page] log [Dev] Available commands: window.resetPWA(), window.loadChronicPainTestData()
[page] log PWA: Offline storage initialized
[page] log PWA: Persistent storage: granted
[page] error PWA: Failed to enable health data sync: UnknownError: Background Sync is disabled.
[page] error PWA: Failed to enable health data sync: UnknownError: Background Sync is disabled.
[page] error The script has an unsupported MIME type ('text/html').
[page] warning [SW] registration failed for /submit-story/sw.js Failed to register a ServiceWorker for scope ('http://localhost:3000/submit-story/') with script ('http://localhost:3000/submit-story/sw.js'): The script has an unsupported MIME type ('text/html').
[page] log [SW] registered ./sw.js ServiceWorkerRegistration
[page] warning Input missing label: JSHandle@node
[page] warning Input missing label: JSHandle@node
[page] warning Input missing label: JSHandle@node
[page] warning Input missing label: JSHandle@node

[[ATTACHMENT|..\..\test-results\tests-testimonials.publish-e7f86-erify---public-publish-flow-chromium\test-failed-1.png]]

[[ATTACHMENT|..\..\test-results\tests-testimonials.publish-e7f86-erify---public-publish-flow-chromium\video.webm]]

[[ATTACHMENT|..\..\test-results\tests-testimonials.publish-e7f86-erify---public-publish-flow-chromium\error-context.md]]

[[ATTACHMENT|..\..\test-results\tests-testimonials.publish-e7f86-erify---public-publish-flow-chromium\trace.zip]]
]]>
</system-out>
</testcase>
</testsuite>
</testsuites>