{"total": {"lines":{"total":2261,"covered":120,"skipped":0,"pct":5.3},"statements":{"total":2261,"covered":120,"skipped":0,"pct":5.3},"functions":{"total":13,"covered":12,"skipped":0,"pct":92.3},"branches":{"total":46,"covered":42,"skipped":0,"pct":91.3},"branchesTrue":{"total":0,"covered":0,"skipped":0,"pct":100}}
,"C:\\Users\\kay\\Documents\\Projects\\pain-tracker\\src\\design-system\\components\\Button.tsx": {"lines":{"total":91,"covered":0,"skipped":0,"pct":0},"functions":{"total":1,"covered":1,"skipped":0,"pct":100},"statements":{"total":91,"covered":0,"skipped":0,"pct":0},"branches":{"total":1,"covered":1,"skipped":0,"pct":100}}
,"C:\\Users\\kay\\Documents\\Projects\\pain-tracker\\src\\design-system\\components\\Card.tsx": {"lines":{"total":117,"covered":0,"skipped":0,"pct":0},"functions":{"total":1,"covered":1,"skipped":0,"pct":100},"statements":{"total":117,"covered":0,"skipped":0,"pct":0},"branches":{"total":1,"covered":1,"skipped":0,"pct":100}}
,"C:\\Users\\kay\\Documents\\Projects\\pain-tracker\\src\\lib\\analytics\\heuristics.ts": {"lines":{"total":60,"covered":0,"skipped":0,"pct":0},"functions":{"total":1,"covered":1,"skipped":0,"pct":100},"statements":{"total":60,"covered":0,"skipped":0,"pct":0},"branches":{"total":1,"covered":1,"skipped":0,"pct":100}}
,"C:\\Users\\kay\\Documents\\Projects\\pain-tracker\\src\\services\\EmpathyIntelligenceEngine.ts": {"lines":{"total":1013,"covered":0,"skipped":0,"pct":0},"functions":{"total":1,"covered":1,"skipped":0,"pct":100},"statements":{"total":1013,"covered":0,"skipped":0,"pct":0},"branches":{"total":1,"covered":1,"skipped":0,"pct":100}}
,"C:\\Users\\kay\\Documents\\Projects\\pain-tracker\\src\\services\\EmpathyMetricsCollector.ts": {"lines":{"total":77,"covered":0,"skipped":0,"pct":0},"functions":{"total":1,"covered":1,"skipped":0,"pct":100},"statements":{"total":77,"covered":0,"skipped":0,"pct":0},"branches":{"total":1,"covered":1,"skipped":0,"pct":100}}
,"C:\\Users\\kay\\Documents\\Projects\\pain-tracker\\src\\services\\EncryptionService.ts": {"lines":{"total":405,"covered":0,"skipped":0,"pct":0},"functions":{"total":1,"covered":1,"skipped":0,"pct":100},"statements":{"total":405,"covered":0,"skipped":0,"pct":0},"branches":{"total":1,"covered":1,"skipped":0,"pct":100}}
,"C:\\Users\\kay\\Documents\\Projects\\pain-tracker\\src\\utils\\pain-tracker\\calculations.ts": {"lines":{"total":106,"covered":0,"skipped":0,"pct":0},"functions":{"total":1,"covered":1,"skipped":0,"pct":100},"statements":{"total":106,"covered":0,"skipped":0,"pct":0},"branches":{"total":1,"covered":1,"skipped":0,"pct":100}}
,"C:\\Users\\kay\\Documents\\Projects\\pain-tracker\\src\\utils\\pain-tracker\\export.ts": {"lines":{"total":120,"covered":0,"skipped":0,"pct":0},"functions":{"total":1,"covered":1,"skipped":0,"pct":100},"statements":{"total":120,"covered":0,"skipped":0,"pct":0},"branches":{"total":1,"covered":1,"skipped":0,"pct":100}}
,"C:\\Users\\kay\\Documents\\Projects\\pain-tracker\\src\\utils\\pain-tracker\\storage.ts": {"lines":{"total":92,"covered":0,"skipped":0,"pct":0},"functions":{"total":1,"covered":1,"skipped":0,"pct":100},"statements":{"total":92,"covered":0,"skipped":0,"pct":0},"branches":{"total":1,"covered":1,"skipped":0,"pct":100}}
,"C:\\Users\\kay\\Documents\\Projects\\pain-tracker\\src\\utils\\pain-tracker\\trending.ts": {"lines":{"total":180,"covered":120,"skipped":0,"pct":66.66},"functions":{"total":4,"covered":3,"skipped":0,"pct":75},"statements":{"total":180,"covered":120,"skipped":0,"pct":66.66},"branches":{"total":37,"covered":33,"skipped":0,"pct":89.18}}
}
