{"total": {"lines":{"total":2261,"covered":2061,"skipped":0,"pct":91.15},"statements":{"total":2261,"covered":2061,"skipped":0,"pct":91.15},"functions":{"total":140,"covered":130,"skipped":0,"pct":92.85},"branches":{"total":666,"covered":608,"skipped":0,"pct":91.29},"branchesTrue":{"total":0,"covered":0,"skipped":0,"pct":100}}
,"C:\\Users\\kay\\Documents\\Projects\\pain-tracker\\src\\design-system\\components\\Button.tsx": {"lines":{"total":91,"covered":84,"skipped":0,"pct":92.3},"functions":{"total":0,"covered":0,"skipped":0,"pct":100},"statements":{"total":91,"covered":84,"skipped":0,"pct":92.3},"branches":{"total":7,"covered":1,"skipped":0,"pct":14.28}}
,"C:\\Users\\kay\\Documents\\Projects\\pain-tracker\\src\\design-system\\components\\Card.tsx": {"lines":{"total":117,"covered":95,"skipped":0,"pct":81.19},"functions":{"total":0,"covered":0,"skipped":0,"pct":100},"statements":{"total":117,"covered":95,"skipped":0,"pct":81.19},"branches":{"total":8,"covered":6,"skipped":0,"pct":75}}
,"C:\\Users\\kay\\Documents\\Projects\\pain-tracker\\src\\lib\\analytics\\heuristics.ts": {"lines":{"total":60,"covered":60,"skipped":0,"pct":100},"functions":{"total":7,"covered":7,"skipped":0,"pct":100},"statements":{"total":60,"covered":60,"skipped":0,"pct":100},"branches":{"total":44,"covered":43,"skipped":0,"pct":97.72}}
,"C:\\Users\\kay\\Documents\\Projects\\pain-tracker\\src\\services\\EmpathyIntelligenceEngine.ts": {"lines":{"total":1013,"covered":993,"skipped":0,"pct":98.02},"functions":{"total":85,"covered":84,"skipped":0,"pct":98.82},"statements":{"total":1013,"covered":993,"skipped":0,"pct":98.02},"branches":{"total":341,"covered":334,"skipped":0,"pct":97.94}}
,"C:\\Users\\kay\\Documents\\Projects\\pain-tracker\\src\\services\\EmpathyMetricsCollector.ts": {"lines":{"total":77,"covered":75,"skipped":0,"pct":97.4},"functions":{"total":8,"covered":7,"skipped":0,"pct":87.5},"statements":{"total":77,"covered":75,"skipped":0,"pct":97.4},"branches":{"total":23,"covered":21,"skipped":0,"pct":91.3}}
,"C:\\Users\\kay\\Documents\\Projects\\pain-tracker\\src\\services\\EncryptionService.ts": {"lines":{"total":405,"covered":335,"skipped":0,"pct":82.71},"functions":{"total":24,"covered":18,"skipped":0,"pct":75},"statements":{"total":405,"covered":335,"skipped":0,"pct":82.71},"branches":{"total":79,"covered":62,"skipped":0,"pct":78.48}}
,"C:\\Users\\kay\\Documents\\Projects\\pain-tracker\\src\\utils\\pain-tracker\\calculations.ts": {"lines":{"total":106,"covered":106,"skipped":0,"pct":100},"functions":{"total":2,"covered":2,"skipped":0,"pct":100},"statements":{"total":106,"covered":106,"skipped":0,"pct":100},"branches":{"total":45,"covered":39,"skipped":0,"pct":86.66}}
,"C:\\Users\\kay\\Documents\\Projects\\pain-tracker\\src\\utils\\pain-tracker\\export.ts": {"lines":{"total":120,"covered":54,"skipped":0,"pct":45},"functions":{"total":5,"covered":3,"skipped":0,"pct":60},"statements":{"total":120,"covered":54,"skipped":0,"pct":45},"branches":{"total":13,"covered":4,"skipped":0,"pct":30.76}}
,"C:\\Users\\kay\\Documents\\Projects\\pain-tracker\\src\\utils\\pain-tracker\\storage.ts": {"lines":{"total":92,"covered":79,"skipped":0,"pct":85.86},"functions":{"total":5,"covered":5,"skipped":0,"pct":100},"statements":{"total":92,"covered":79,"skipped":0,"pct":85.86},"branches":{"total":45,"covered":38,"skipped":0,"pct":84.44}}
,"C:\\Users\\kay\\Documents\\Projects\\pain-tracker\\src\\utils\\pain-tracker\\trending.ts": {"lines":{"total":180,"covered":180,"skipped":0,"pct":100},"functions":{"total":4,"covered":4,"skipped":0,"pct":100},"statements":{"total":180,"covered":180,"skipped":0,"pct":100},"branches":{"total":61,"covered":60,"skipped":0,"pct":98.36}}
}
